Number of received arguments: 4
Actual Arguments: [diagnose, /tmp/NullAwayFix, cd /tmp/projects/NullAway && ./gradlew build -x test, true]
Diagnose Started...
Requesting preparation
Preparing project: true
Executing command: cd /tmp/projects/NullAway && ./gradlew build -x test
Requested command: cd /tmp/projects/NullAway && ./gradlew build -x test
Finished.
Deleted old diagnose file.
Making new diagnose.json.
Executing command: cp /tmp/NullAwayFix/fixes.json /tmp/NullAwayFix/diagnose.json
Requested command: cp /tmp/NullAwayFix/fixes.json /tmp/NullAwayFix/diagnose.json
Finished.
Made.
Preparation done
Build command: cd /tmp/projects/NullAway && ./gradlew build -x test
FILE PATH IS: /tmp/NullAwayFix/diagnose.json
Number of errors with this fix applied: 58
NullAway found 1 number of fixes
16:05:00.735 [main] DEBUG o.o.j.ReloadableJava8ParserVisitor - Building AST for: /tmp/projects/NullAway/nullaway/src/main/java/com/uber/nullaway/NullAway.java
[32mProcessing NullAway                                          ?
[0mReceived 1 fixes and applied 1 number of fixes
Number of errors with this fix applied: 57
NullAway found 1 number of fixes
16:05:05.675 [main] DEBUG o.o.j.ReloadableJava8ParserVisitor - Building AST for: /tmp/projects/NullAway/nullaway/src/main/java/com/uber/nullaway/dataflow/NullnessStore.java
[32mProcessing Builder                                           ?
[0mReceived 1 fixes and applied 1 number of fixes
Number of errors with this fix applied: 57
NullAway found 1 number of fixes
16:05:10.240 [main] DEBUG o.o.j.ReloadableJava8ParserVisitor - Building AST for: /tmp/projects/NullAway/nullaway/src/main/java/com/uber/nullaway/dataflow/AccessPathElement.java
[32mProcessing AccessPathElement                                 ?
[0mReceived 1 fixes and applied 1 number of fixes
Number of errors with this fix applied: 57
NullAway found 1 number of fixes
16:05:14.716 [main] DEBUG o.o.j.ReloadableJava8ParserVisitor - Building AST for: /tmp/projects/NullAway/nullaway/src/main/java/com/uber/nullaway/dataflow/DataFlow.java
[32mProcessing DataFlow                                          ?
[0mReceived 1 fixes and applied 1 number of fixes
Number of errors with this fix applied: 58
NullAway found 1 number of fixes
16:05:19.142 [main] DEBUG o.o.j.ReloadableJava8ParserVisitor - Building AST for: /tmp/projects/NullAway/nullaway/src/main/java/com/uber/nullaway/dataflow/DataFlow.java
[32mProcessing DataFlow                                          ?
[0mReceived 1 fixes and applied 1 number of fixes
Number of errors with this fix applied: 58
NullAway found 1 number of fixes
16:05:23.555 [main] DEBUG o.o.j.ReloadableJava8ParserVisitor - Building AST for: /tmp/projects/NullAway/nullaway/src/main/java/com/uber/nullaway/dataflow/DataFlow.java
[32mProcessing DataFlow                                          ?
[0mReceived 1 fixes and applied 1 number of fixes
Number of errors with this fix applied: 57
NullAway found 1 number of fixes
16:05:27.991 [main] DEBUG o.o.j.ReloadableJava8ParserVisitor - Building AST for: /tmp/projects/NullAway/nullaway/src/main/java/com/uber/nullaway/dataflow/DataFlow.java
[32mProcessing CfgParams                                         ?
[0mReceived 1 fixes and applied 1 number of fixes
Number of errors with this fix applied: 58
NullAway found 1 number of fixes
16:05:32.274 [main] DEBUG o.o.j.ReloadableJava8ParserVisitor - Building AST for: /tmp/projects/NullAway/nullaway/src/main/java/com/uber/nullaway/handlers/InferredJARModelsHandler.java
[32mProcessing InferredJARModelsHandler                          ?
[0mReceived 1 fixes and applied 1 number of fixes
Number of errors with this fix applied: 56
NullAway found 1 number of fixes
16:05:36.457 [main] DEBUG o.o.j.ReloadableJava8ParserVisitor - Building AST for: /tmp/projects/NullAway/nullaway/src/main/java/com/uber/nullaway/handlers/stream/StreamModelBuilder.java
[32mProcessing StreamModelBuilder                                ?
[0mReceived 1 fixes and applied 1 number of fixes
Number of errors with this fix applied: 57
NullAway found 1 number of fixes
16:05:40.599 [main] DEBUG o.o.j.ReloadableJava8ParserVisitor - Building AST for: /tmp/projects/NullAway/nullaway/src/main/java/com/uber/nullaway/handlers/stream/StreamTypeRecord.java
[32mProcessing StreamTypeRecord                                  ?
[0mReceived 1 fixes and applied 1 number of fixes
Number of errors with this fix applied: 59
NullAway found 1 number of fixes
16:05:44.820 [main] DEBUG o.o.j.ReloadableJava8ParserVisitor - Building AST for: /tmp/projects/NullAway/nullaway/src/main/java/com/uber/nullaway/handlers/AbstractFieldContractHandler.java
[32mProcessing AbstractFieldContractHandler                      ?
[0mReceived 1 fixes and applied 1 number of fixes
Number of errors with this fix applied: 58
NullAway found 1 number of fixes
16:05:50.722 [main] DEBUG o.o.j.ReloadableJava8ParserVisitor - Building AST for: /tmp/projects/NullAway/nullaway/src/main/java/com/uber/nullaway/handlers/contract/ContractUtils.java
[32mProcessing ContractUtils                                     ?
[0mReceived 1 fixes and applied 1 number of fixes
Number of errors with this fix applied: 58
NullAway found 1 number of fixes
16:05:57.371 [main] DEBUG o.o.j.ReloadableJava8ParserVisitor - Building AST for: /tmp/projects/NullAway/nullaway/src/main/java/com/uber/nullaway/handlers/contract/ContractUtils.java
[32mProcessing ContractUtils                                     ?
[0mReceived 1 fixes and applied 1 number of fixes
Number of errors with this fix applied: 59
NullAway found 1 number of fixes
16:06:01.671 [main] DEBUG o.o.j.ReloadableJava8ParserVisitor - Building AST for: /tmp/projects/NullAway/nullaway/src/main/java/com/uber/nullaway/handlers/contract/ContractUtils.java
[32mProcessing ContractUtils                                     ?
[0mReceived 1 fixes and applied 1 number of fixes
Number of errors with this fix applied: 59
NullAway found 1 number of fixes
16:06:05.837 [main] DEBUG o.o.j.ReloadableJava8ParserVisitor - Building AST for: /tmp/projects/NullAway/nullaway/src/main/java/com/uber/nullaway/handlers/OptionalEmptinessHandler.java
[32mProcessing OptionalEmptinessHandler                          ?
[0mReceived 1 fixes and applied 1 number of fixes
Number of errors with this fix applied: 58
NullAway found 1 number of fixes
16:06:10.838 [main] DEBUG o.o.j.ReloadableJava8ParserVisitor - Building AST for: /tmp/projects/NullAway/nullaway/src/main/java/com/uber/nullaway/AbstractConfig.java
[32mProcessing AbstractConfig                                    ?
[0mReceived 1 fixes and applied 1 number of fixes
Number of errors with this fix applied: 58
NullAway found 1 number of fixes
16:06:15.330 [main] DEBUG o.o.j.ReloadableJava8ParserVisitor - Building AST for: /tmp/projects/NullAway/nullaway/src/main/java/com/uber/nullaway/AbstractConfig.java
[32mProcessing AbstractConfig                                    ?
[0mReceived 1 fixes and applied 1 number of fixes
Number of errors with this fix applied: 58
NullAway found 1 number of fixes
16:06:19.516 [main] DEBUG o.o.j.ReloadableJava8ParserVisitor - Building AST for: /tmp/projects/NullAway/nullaway/src/main/java/com/uber/nullaway/AbstractConfig.java
[32mProcessing AbstractConfig                                    ?
[0mReceived 1 fixes and applied 1 number of fixes
Number of errors with this fix applied: 57
NullAway found 1 number of fixes
16:06:23.673 [main] DEBUG o.o.j.ReloadableJava8ParserVisitor - Building AST for: /tmp/projects/NullAway/nullaway/src/main/java/com/uber/nullaway/AbstractConfig.java
[32mProcessing AbstractConfig                                    ?
[0mReceived 1 fixes and applied 1 number of fixes
Number of errors with this fix applied: 58
NullAway found 1 number of fixes
16:06:27.931 [main] DEBUG o.o.j.ReloadableJava8ParserVisitor - Building AST for: /tmp/projects/NullAway/nullaway/src/main/java/com/uber/nullaway/AbstractConfig.java
[32mProcessing AbstractConfig                                    ?
[0mReceived 1 fixes and applied 1 number of fixes
Number of errors with this fix applied: 58
NullAway found 1 number of fixes
16:06:31.984 [main] DEBUG o.o.j.ReloadableJava8ParserVisitor - Building AST for: /tmp/projects/NullAway/nullaway/src/main/java/com/uber/nullaway/AbstractConfig.java
[32mProcessing AbstractConfig                                    ?
[0mReceived 1 fixes and applied 1 number of fixes
Number of errors with this fix applied: 57
NullAway found 1 number of fixes
16:06:36.363 [main] DEBUG o.o.j.ReloadableJava8ParserVisitor - Building AST for: /tmp/projects/NullAway/nullaway/src/main/java/com/uber/nullaway/AbstractConfig.java
[32mProcessing AbstractConfig                                    ?
[0mReceived 1 fixes and applied 1 number of fixes
Number of errors with this fix applied: 58
NullAway found 1 number of fixes
16:06:40.526 [main] DEBUG o.o.j.ReloadableJava8ParserVisitor - Building AST for: /tmp/projects/NullAway/nullaway/src/main/java/com/uber/nullaway/AbstractConfig.java
[32mProcessing AbstractConfig                                    ?
[0mReceived 1 fixes and applied 1 number of fixes
Number of errors with this fix applied: 58
NullAway found 1 number of fixes
16:06:44.832 [main] DEBUG o.o.j.ReloadableJava8ParserVisitor - Building AST for: /tmp/projects/NullAway/nullaway/src/main/java/com/uber/nullaway/AbstractConfig.java
[32mProcessing AbstractConfig                                    ?
[0mReceived 1 fixes and applied 1 number of fixes
Number of errors with this fix applied: 58
NullAway found 1 number of fixes
16:06:48.875 [main] DEBUG o.o.j.ReloadableJava8ParserVisitor - Building AST for: /tmp/projects/NullAway/nullaway/src/main/java/com/uber/nullaway/AbstractConfig.java
[32mProcessing AbstractConfig                                    ?
[0mReceived 1 fixes and applied 1 number of fixes
Number of errors with this fix applied: 58
NullAway found 1 number of fixes
16:06:53.337 [main] DEBUG o.o.j.ReloadableJava8ParserVisitor - Building AST for: /tmp/projects/NullAway/nullaway/src/main/java/com/uber/nullaway/AbstractConfig.java
[32mProcessing AbstractConfig                                    ?
[0mReceived 1 fixes and applied 1 number of fixes
Number of errors with this fix applied: 58
NullAway found 1 number of fixes
16:06:57.506 [main] DEBUG o.o.j.ReloadableJava8ParserVisitor - Building AST for: /tmp/projects/NullAway/nullaway/src/main/java/com/uber/nullaway/AbstractConfig.java
[32mProcessing AbstractConfig                                    ?
[0mReceived 1 fixes and applied 1 number of fixes
Number of errors with this fix applied: 58
Number of received arguments: 2
Actual Arguments: [apply, /tmp/NullAwayFix/cleaned.json]
Building Injector...
built.
Injecting...
FILE PATH IS: /tmp/NullAwayFix/cleaned.json
NullAway found 24 number of fixes
16:07:02.287 [main] DEBUG o.o.j.ReloadableJava8ParserVisitor - Building AST for: /tmp/projects/NullAway/nullaway/src/main/java/com/uber/nullaway/dataflow/DataFlow.java
[32mProcessing DataFlow                                          ?
[0m16:07:02.563 [main] DEBUG o.o.j.ReloadableJava8ParserVisitor - Building AST for: /tmp/projects/NullAway/nullaway/src/main/java/com/uber/nullaway/AbstractConfig.java
[32mProcessing AbstractConfig                                    ?
[0m16:07:02.687 [main] DEBUG o.o.j.ReloadableJava8ParserVisitor - Building AST for: /tmp/projects/NullAway/nullaway/src/main/java/com/uber/nullaway/handlers/OptionalEmptinessHandler.java
[32mProcessing OptionalEmptinessHandler                          ?
[0m16:07:02.752 [main] DEBUG o.o.j.ReloadableJava8ParserVisitor - Building AST for: /tmp/projects/NullAway/nullaway/src/main/java/com/uber/nullaway/handlers/AbstractFieldContractHandler.java
[32mProcessing AbstractFieldContractHandler                      ?
[0m16:07:02.782 [main] DEBUG o.o.j.ReloadableJava8ParserVisitor - Building AST for: /tmp/projects/NullAway/nullaway/src/main/java/com/uber/nullaway/handlers/contract/ContractUtils.java
[32mProcessing ContractUtils                                     ?
[0m16:07:02.805 [main] DEBUG o.o.j.ReloadableJava8ParserVisitor - Building AST for: /tmp/projects/NullAway/nullaway/src/main/java/com/uber/nullaway/handlers/stream/StreamModelBuilder.java
[32mProcessing StreamModelBuilder                                ?
[0m16:07:02.977 [main] DEBUG o.o.j.ReloadableJava8ParserVisitor - Building AST for: /tmp/projects/NullAway/nullaway/src/main/java/com/uber/nullaway/NullAway.java
[32mProcessing NullAway                                          ?
[0m16:07:03.208 [main] DEBUG o.o.j.ReloadableJava8ParserVisitor - Building AST for: /tmp/projects/NullAway/nullaway/src/main/java/com/uber/nullaway/dataflow/NullnessStore.java
[32mProcessing Builder                                           ?
[0m16:07:03.243 [main] DEBUG o.o.j.ReloadableJava8ParserVisitor - Building AST for: /tmp/projects/NullAway/nullaway/src/main/java/com/uber/nullaway/dataflow/AccessPathElement.java
[32mProcessing AccessPathElement                                 ?
[0m16:07:03.281 [main] DEBUG o.o.j.ReloadableJava8ParserVisitor - Building AST for: /tmp/projects/NullAway/nullaway/src/main/java/com/uber/nullaway/handlers/InferredJARModelsHandler.java
[32mProcessing InferredJARModelsHandler                          ?
[0mReceived 24 fixes and applied 24 number of fixes
Finished
Number of received arguments: 4
Actual Arguments: [diagnose, /tmp/NullAwayFix, cd /tmp/projects/NullAway && ./gradlew build -x test, true]
Diagnose Started...
Requesting preparation
Preparing project: true
Executing command: cd /tmp/projects/NullAway && ./gradlew build -x test
Requested command: cd /tmp/projects/NullAway && ./gradlew build -x test
Finished.
Deleted old diagnose file.
Making new diagnose.json.
Executing command: cp /tmp/NullAwayFix/fixes.json /tmp/NullAwayFix/diagnose.json
Requested command: cp /tmp/NullAwayFix/fixes.json /tmp/NullAwayFix/diagnose.json
Finished.
Made.
Preparation done
Build command: cd /tmp/projects/NullAway && ./gradlew build -x test
FILE PATH IS: /tmp/NullAwayFix/diagnose.json
Number of errors with this fix applied: 49
NullAway found 1 number of fixes
16:07:12.900 [main] DEBUG o.o.j.ReloadableJava8ParserVisitor - Building AST for: /tmp/projects/NullAway/nullaway/src/main/java/com/uber/nullaway/dataflow/DataFlow.java
[32mProcessing CfgParams                                         ?
[0mReceived 1 fixes and applied 1 number of fixes
Number of errors with this fix applied: 49
NullAway found 1 number of fixes
16:07:17.674 [main] DEBUG o.o.j.ReloadableJava8ParserVisitor - Building AST for: /tmp/projects/NullAway/nullaway/src/main/java/com/uber/nullaway/dataflow/DataFlow.java
[32mProcessing DataFlow                                          ?
[0mReceived 1 fixes and applied 1 number of fixes
Number of errors with this fix applied: 49
NullAway found 1 number of fixes
16:07:22.121 [main] DEBUG o.o.j.ReloadableJava8ParserVisitor - Building AST for: /tmp/projects/NullAway/nullaway/src/main/java/com/uber/nullaway/dataflow/DataFlow.java
[32mProcessing CfgParams                                         ?
[0mReceived 1 fixes and applied 1 number of fixes
Number of errors with this fix applied: 48
NullAway found 1 number of fixes
16:07:26.535 [main] DEBUG o.o.j.ReloadableJava8ParserVisitor - Building AST for: /tmp/projects/NullAway/nullaway/src/main/java/com/uber/nullaway/handlers/stream/StreamTypeRecord.java
[32mProcessing StreamTypeRecord                                  ?
[0mReceived 1 fixes and applied 1 number of fixes
Number of errors with this fix applied: 50
NullAway found 1 number of fixes
16:07:30.682 [main] DEBUG o.o.j.ReloadableJava8ParserVisitor - Building AST for: /tmp/projects/NullAway/nullaway/src/main/java/com/uber/nullaway/handlers/contract/ContractUtils.java
[32mProcessing ContractUtils                                     ?
[0mReceived 1 fixes and applied 1 number of fixes
Number of errors with this fix applied: 50
NullAway found 1 number of fixes
16:07:35.577 [main] DEBUG o.o.j.ReloadableJava8ParserVisitor - Building AST for: /tmp/projects/NullAway/nullaway/src/main/java/com/uber/nullaway/handlers/contract/ContractUtils.java
[32mProcessing ContractUtils                                     ?
[0mReceived 1 fixes and applied 1 number of fixes
Number of errors with this fix applied: 50
NullAway found 1 number of fixes
16:07:39.679 [main] DEBUG o.o.j.ReloadableJava8ParserVisitor - Building AST for: /tmp/projects/NullAway/nullaway/src/main/java/com/uber/nullaway/AbstractConfig.java
[32mProcessing AbstractConfig                                    ?
[0mReceived 1 fixes and applied 1 number of fixes
Number of errors with this fix applied: 49
NullAway found 1 number of fixes
16:07:43.946 [main] DEBUG o.o.j.ReloadableJava8ParserVisitor - Building AST for: /tmp/projects/NullAway/nullaway/src/main/java/com/uber/nullaway/AbstractConfig.java
[32mProcessing AbstractConfig                                    ?
[0mReceived 1 fixes and applied 1 number of fixes
Number of errors with this fix applied: 49
NullAway found 1 number of fixes
16:07:48.151 [main] DEBUG o.o.j.ReloadableJava8ParserVisitor - Building AST for: /tmp/projects/NullAway/nullaway/src/main/java/com/uber/nullaway/AbstractConfig.java
[32mProcessing AbstractConfig                                    ?
[0mReceived 1 fixes and applied 1 number of fixes
Number of errors with this fix applied: 49
NullAway found 1 number of fixes
16:07:52.472 [main] DEBUG o.o.j.ReloadableJava8ParserVisitor - Building AST for: /tmp/projects/NullAway/nullaway/src/main/java/com/uber/nullaway/AbstractConfig.java
[32mProcessing AbstractConfig                                    ?
[0mReceived 1 fixes and applied 1 number of fixes
Number of errors with this fix applied: 49
Number of received arguments: 2
Actual Arguments: [apply, /tmp/NullAwayFix/cleaned.json]
Building Injector...
built.
Injecting...
FILE PATH IS: /tmp/NullAwayFix/cleaned.json
NullAway found 7 number of fixes
16:07:57.792 [main] DEBUG o.o.j.ReloadableJava8ParserVisitor - Building AST for: /tmp/projects/NullAway/nullaway/src/main/java/com/uber/nullaway/AbstractConfig.java
[32mProcessing AbstractConfig                                    ?
[0m16:07:58.085 [main] DEBUG o.o.j.ReloadableJava8ParserVisitor - Building AST for: /tmp/projects/NullAway/nullaway/src/main/java/com/uber/nullaway/dataflow/DataFlow.java
[32mProcessing DataFlow                                          ?
[0mReceived 7 fixes and applied 7 number of fixes
Finished
Number of received arguments: 4
Actual Arguments: [diagnose, /tmp/NullAwayFix, cd /tmp/projects/NullAway && ./gradlew build -x test, true]
Diagnose Started...
Requesting preparation
Preparing project: true
Executing command: cd /tmp/projects/NullAway && ./gradlew build -x test
Requested command: cd /tmp/projects/NullAway && ./gradlew build -x test
Finished.
Deleted old diagnose file.
Making new diagnose.json.
Executing command: cp /tmp/NullAwayFix/fixes.json /tmp/NullAwayFix/diagnose.json
Requested command: cp /tmp/NullAwayFix/fixes.json /tmp/NullAwayFix/diagnose.json
Finished.
Made.
Preparation done
Build command: cd /tmp/projects/NullAway && ./gradlew build -x test
FILE PATH IS: /tmp/NullAwayFix/diagnose.json
Number of errors with this fix applied: 48
NullAway found 1 number of fixes
16:08:07.216 [main] DEBUG o.o.j.ReloadableJava8ParserVisitor - Building AST for: /tmp/projects/NullAway/nullaway/src/main/java/com/uber/nullaway/dataflow/DataFlow.java
[32mProcessing DataFlow                                          ?
[0mReceived 1 fixes and applied 1 number of fixes
Number of errors with this fix applied: 48
NullAway found 1 number of fixes
16:08:11.614 [main] DEBUG o.o.j.ReloadableJava8ParserVisitor - Building AST for: /tmp/projects/NullAway/nullaway/build/generated/sources/annotationProcessor/java/main/com/uber/nullaway/dataflow/AutoValue_DataFlow_CfgParams.java
[32mProcessing AutoValue_DataFlow_CfgParams                      ?
[0mReceived 1 fixes and applied 1 number of fixes
Number of errors with this fix applied: 48
NullAway found 1 number of fixes
16:08:15.707 [main] DEBUG o.o.j.ReloadableJava8ParserVisitor - Building AST for: /tmp/projects/NullAway/nullaway/src/main/java/com/uber/nullaway/handlers/stream/StreamTypeRecord.java
[32mProcessing StreamTypeRecord                                  ?
[0mReceived 1 fixes and applied 1 number of fixes
Number of errors with this fix applied: 49
NullAway found 1 number of fixes
16:08:19.789 [main] DEBUG o.o.j.ReloadableJava8ParserVisitor - Building AST for: /tmp/projects/NullAway/nullaway/src/main/java/com/uber/nullaway/handlers/contract/ContractUtils.java
[32mProcessing ContractUtils                                     ?
[0mReceived 1 fixes and applied 1 number of fixes
Number of errors with this fix applied: 49
NullAway found 1 number of fixes
16:08:23.877 [main] DEBUG o.o.j.ReloadableJava8ParserVisitor - Building AST for: /tmp/projects/NullAway/nullaway/src/main/java/com/uber/nullaway/handlers/contract/ContractUtils.java
[32mProcessing ContractUtils                                     ?
[0mReceived 1 fixes and applied 1 number of fixes
Number of errors with this fix applied: 49
NullAway found 1 number of fixes
16:08:28.038 [main] DEBUG o.o.j.ReloadableJava8ParserVisitor - Building AST for: /tmp/projects/NullAway/nullaway/src/main/java/com/uber/nullaway/Config.java
[32mProcessing Config                                            ?
[0mReceived 1 fixes and applied 1 number of fixes
Number of errors with this fix applied: 48
NullAway found 1 number of fixes
16:08:32.678 [main] DEBUG o.o.j.ReloadableJava8ParserVisitor - Building AST for: /tmp/projects/NullAway/nullaway/src/main/java/com/uber/nullaway/Config.java
[32mProcessing Config                                            ?
[0mReceived 1 fixes and applied 1 number of fixes
Number of errors with this fix applied: 47
NullAway found 1 number of fixes
16:08:36.758 [main] DEBUG o.o.j.ReloadableJava8ParserVisitor - Building AST for: /tmp/projects/NullAway/nullaway/src/main/java/com/uber/nullaway/Config.java
[32mProcessing Config                                            ?
[0mReceived 1 fixes and applied 1 number of fixes
Number of errors with this fix applied: 47
NullAway found 1 number of fixes
16:08:40.884 [main] DEBUG o.o.j.ReloadableJava8ParserVisitor - Building AST for: /tmp/projects/NullAway/nullaway/src/main/java/com/uber/nullaway/Config.java
[32mProcessing Config                                            ?
[0mReceived 1 fixes and applied 1 number of fixes
Number of errors with this fix applied: 47
Number of received arguments: 2
Actual Arguments: [apply, /tmp/NullAwayFix/cleaned.json]
Building Injector...
built.
Injecting...
FILE PATH IS: /tmp/NullAwayFix/cleaned.json
NullAway found 6 number of fixes
16:08:46.057 [main] DEBUG o.o.j.ReloadableJava8ParserVisitor - Building AST for: /tmp/projects/NullAway/nullaway/build/generated/sources/annotationProcessor/java/main/com/uber/nullaway/dataflow/AutoValue_DataFlow_CfgParams.java
[32mProcessing AutoValue_DataFlow_CfgParams                      ?
[0m16:08:46.206 [main] DEBUG o.o.j.ReloadableJava8ParserVisitor - Building AST for: /tmp/projects/NullAway/nullaway/src/main/java/com/uber/nullaway/Config.java
[32mProcessing Config                                            ?
[0m16:08:46.339 [main] DEBUG o.o.j.ReloadableJava8ParserVisitor - Building AST for: /tmp/projects/NullAway/nullaway/src/main/java/com/uber/nullaway/dataflow/DataFlow.java
[32mProcessing DataFlow                                          ?
[0mReceived 6 fixes and applied 6 number of fixes
Finished
Number of received arguments: 4
Actual Arguments: [diagnose, /tmp/NullAwayFix, cd /tmp/projects/NullAway && ./gradlew build -x test, true]
Diagnose Started...
Requesting preparation
Preparing project: true
Executing command: cd /tmp/projects/NullAway && ./gradlew build -x test
Requested command: cd /tmp/projects/NullAway && ./gradlew build -x test
Finished.
Deleted old diagnose file.
Making new diagnose.json.
Executing command: cp /tmp/NullAwayFix/fixes.json /tmp/NullAwayFix/diagnose.json
Requested command: cp /tmp/NullAwayFix/fixes.json /tmp/NullAwayFix/diagnose.json
Finished.
Made.
Preparation done
Build command: cd /tmp/projects/NullAway && ./gradlew build -x test
FILE PATH IS: /tmp/NullAwayFix/diagnose.json
Number of errors with this fix applied: 45
NullAway found 1 number of fixes
16:08:55.373 [main] DEBUG o.o.j.ReloadableJava8ParserVisitor - Building AST for: /tmp/projects/NullAway/nullaway/src/main/java/com/uber/nullaway/dataflow/DataFlow.java
[32mProcessing DataFlow                                          ?
[0mReceived 1 fixes and applied 1 number of fixes
Number of errors with this fix applied: 45
NullAway found 1 number of fixes
16:09:00.013 [main] DEBUG o.o.j.ReloadableJava8ParserVisitor - Building AST for: /tmp/projects/NullAway/nullaway/build/generated/sources/annotationProcessor/java/main/com/uber/nullaway/dataflow/AutoValue_DataFlow_CfgParams.java
[32mProcessing AutoValue_DataFlow_CfgParams                      ?
[0mReceived 1 fixes and applied 1 number of fixes
Number of errors with this fix applied: 45
NullAway found 1 number of fixes
16:09:04.155 [main] DEBUG o.o.j.ReloadableJava8ParserVisitor - Building AST for: /tmp/projects/NullAway/nullaway/src/main/java/com/uber/nullaway/handlers/stream/StreamTypeRecord.java
[32mProcessing StreamTypeRecord                                  ?
[0mReceived 1 fixes and applied 1 number of fixes
Number of errors with this fix applied: 46
NullAway found 1 number of fixes
16:09:08.292 [main] DEBUG o.o.j.ReloadableJava8ParserVisitor - Building AST for: /tmp/projects/NullAway/nullaway/src/main/java/com/uber/nullaway/handlers/contract/ContractUtils.java
[32mProcessing ContractUtils                                     ?
[0mReceived 1 fixes and applied 1 number of fixes
Number of errors with this fix applied: 46
NullAway found 1 number of fixes
16:09:12.917 [main] DEBUG o.o.j.ReloadableJava8ParserVisitor - Building AST for: /tmp/projects/NullAway/nullaway/src/main/java/com/uber/nullaway/handlers/contract/ContractUtils.java
[32mProcessing ContractUtils                                     ?
[0mReceived 1 fixes and applied 1 number of fixes
Number of errors with this fix applied: 46
Number of received arguments: 2
Actual Arguments: [apply, /tmp/NullAwayFix/cleaned.json]
Building Injector...
built.
Injecting...
FILE PATH IS: /tmp/NullAwayFix/cleaned.json
NullAway found 2 number of fixes
16:09:18.164 [main] DEBUG o.o.j.ReloadableJava8ParserVisitor - Building AST for: /tmp/projects/NullAway/nullaway/src/main/java/com/uber/nullaway/dataflow/DataFlow.java
[32mProcessing DataFlow                                          ?
[0m16:09:18.370 [main] DEBUG o.o.j.ReloadableJava8ParserVisitor - Building AST for: /tmp/projects/NullAway/nullaway/build/generated/sources/annotationProcessor/java/main/com/uber/nullaway/dataflow/AutoValue_DataFlow_CfgParams.java
[32mProcessing AutoValue_DataFlow_CfgParams                      ?
[0mReceived 2 fixes and applied 2 number of fixes
Finished
Number of received arguments: 4
Actual Arguments: [diagnose, /tmp/NullAwayFix, cd /tmp/projects/NullAway && ./gradlew build -x test, true]
Diagnose Started...
Requesting preparation
Preparing project: true
Executing command: cd /tmp/projects/NullAway && ./gradlew build -x test
Requested command: cd /tmp/projects/NullAway && ./gradlew build -x test
Finished.
Deleted old diagnose file.
Making new diagnose.json.
Executing command: cp /tmp/NullAwayFix/fixes.json /tmp/NullAwayFix/diagnose.json
Requested command: cp /tmp/NullAwayFix/fixes.json /tmp/NullAwayFix/diagnose.json
Finished.
Made.
Preparation done
Build command: cd /tmp/projects/NullAway && ./gradlew build -x test
FILE PATH IS: /tmp/NullAwayFix/diagnose.json
Number of errors with this fix applied: 45
NullAway found 1 number of fixes
16:09:28.188 [main] DEBUG o.o.j.ReloadableJava8ParserVisitor - Building AST for: /tmp/projects/NullAway/nullaway/src/main/java/com/uber/nullaway/dataflow/DataFlow.java
[32mProcessing AnalysisParams                                    ?
[0mReceived 1 fixes and applied 1 number of fixes
Number of errors with this fix applied: 45
NullAway found 1 number of fixes
16:09:32.961 [main] DEBUG o.o.j.ReloadableJava8ParserVisitor - Building AST for: /tmp/projects/NullAway/nullaway/build/generated/sources/annotationProcessor/java/main/com/uber/nullaway/dataflow/AutoValue_DataFlow_CfgParams.java
[32mProcessing AutoValue_DataFlow_CfgParams                      ?
[0mReceived 1 fixes and applied 1 number of fixes
Number of errors with this fix applied: 45
NullAway found 1 number of fixes
16:09:37.137 [main] DEBUG o.o.j.ReloadableJava8ParserVisitor - Building AST for: /tmp/projects/NullAway/nullaway/src/main/java/com/uber/nullaway/handlers/stream/StreamTypeRecord.java
[32mProcessing StreamTypeRecord                                  ?
[0mReceived 1 fixes and applied 1 number of fixes
Number of errors with this fix applied: 46
NullAway found 1 number of fixes
16:09:41.300 [main] DEBUG o.o.j.ReloadableJava8ParserVisitor - Building AST for: /tmp/projects/NullAway/nullaway/src/main/java/com/uber/nullaway/handlers/contract/ContractUtils.java
[32mProcessing ContractUtils                                     ?
[0mReceived 1 fixes and applied 1 number of fixes
Number of errors with this fix applied: 46
NullAway found 1 number of fixes
16:09:45.637 [main] DEBUG o.o.j.ReloadableJava8ParserVisitor - Building AST for: /tmp/projects/NullAway/nullaway/src/main/java/com/uber/nullaway/handlers/contract/ContractUtils.java
[32mProcessing ContractUtils                                     ?
[0mReceived 1 fixes and applied 1 number of fixes
Number of errors with this fix applied: 46
Number of received arguments: 2
Actual Arguments: [apply, /tmp/NullAwayFix/cleaned.json]
Building Injector...
built.
Injecting...
FILE PATH IS: /tmp/NullAwayFix/cleaned.json
NullAway found 2 number of fixes
16:09:50.353 [main] DEBUG o.o.j.ReloadableJava8ParserVisitor - Building AST for: /tmp/projects/NullAway/nullaway/build/generated/sources/annotationProcessor/java/main/com/uber/nullaway/dataflow/AutoValue_DataFlow_CfgParams.java
[32mProcessing AutoValue_DataFlow_CfgParams                      ?
[0m16:09:50.573 [main] DEBUG o.o.j.ReloadableJava8ParserVisitor - Building AST for: /tmp/projects/NullAway/nullaway/src/main/java/com/uber/nullaway/dataflow/DataFlow.java
[32mProcessing AnalysisParams                                    ?
[0mReceived 2 fixes and applied 2 number of fixes
Finished
Number of received arguments: 4
Actual Arguments: [diagnose, /tmp/NullAwayFix, cd /tmp/projects/NullAway && ./gradlew build -x test, true]
Diagnose Started...
Requesting preparation
Preparing project: true
Executing command: cd /tmp/projects/NullAway && ./gradlew build -x test
Requested command: cd /tmp/projects/NullAway && ./gradlew build -x test
Finished.
Deleted old diagnose file.
Making new diagnose.json.
Executing command: cp /tmp/NullAwayFix/fixes.json /tmp/NullAwayFix/diagnose.json
Requested command: cp /tmp/NullAwayFix/fixes.json /tmp/NullAwayFix/diagnose.json
Finished.
Made.
Preparation done
Build command: cd /tmp/projects/NullAway && ./gradlew build -x test
FILE PATH IS: /tmp/NullAwayFix/diagnose.json
Number of errors with this fix applied: 45
NullAway found 1 number of fixes
16:09:59.649 [main] DEBUG o.o.j.ReloadableJava8ParserVisitor - Building AST for: /tmp/projects/NullAway/nullaway/build/generated/sources/annotationProcessor/java/main/com/uber/nullaway/dataflow/AutoValue_DataFlow_CfgParams.java
[32mProcessing AutoValue_DataFlow_CfgParams                      ?
[0mReceived 1 fixes and applied 1 number of fixes
Number of errors with this fix applied: 45
NullAway found 1 number of fixes
16:10:03.952 [main] DEBUG o.o.j.ReloadableJava8ParserVisitor - Building AST for: /tmp/projects/NullAway/nullaway/build/generated/sources/annotationProcessor/java/main/com/uber/nullaway/dataflow/AutoValue_DataFlow_AnalysisParams.java
[32mProcessing AutoValue_DataFlow_AnalysisParams                 ?
[0mReceived 1 fixes and applied 1 number of fixes
Number of errors with this fix applied: 45
NullAway found 1 number of fixes
16:10:08.129 [main] DEBUG o.o.j.ReloadableJava8ParserVisitor - Building AST for: /tmp/projects/NullAway/nullaway/src/main/java/com/uber/nullaway/handlers/stream/StreamTypeRecord.java
[32mProcessing StreamTypeRecord                                  ?
[0mReceived 1 fixes and applied 1 number of fixes
Number of errors with this fix applied: 46
NullAway found 1 number of fixes
16:10:12.402 [main] DEBUG o.o.j.ReloadableJava8ParserVisitor - Building AST for: /tmp/projects/NullAway/nullaway/src/main/java/com/uber/nullaway/handlers/contract/ContractUtils.java
[32mProcessing ContractUtils                                     ?
[0mReceived 1 fixes and applied 1 number of fixes
Number of errors with this fix applied: 46
NullAway found 1 number of fixes
16:10:16.511 [main] DEBUG o.o.j.ReloadableJava8ParserVisitor - Building AST for: /tmp/projects/NullAway/nullaway/src/main/java/com/uber/nullaway/handlers/contract/ContractUtils.java
[32mProcessing ContractUtils                                     ?
[0mReceived 1 fixes and applied 1 number of fixes
Number of errors with this fix applied: 46
Number of received arguments: 2
Actual Arguments: [apply, /tmp/NullAwayFix/cleaned.json]
Building Injector...
built.
Injecting...
FILE PATH IS: /tmp/NullAwayFix/cleaned.json
NullAway found 2 number of fixes
16:10:21.191 [main] DEBUG o.o.j.ReloadableJava8ParserVisitor - Building AST for: /tmp/projects/NullAway/nullaway/build/generated/sources/annotationProcessor/java/main/com/uber/nullaway/dataflow/AutoValue_DataFlow_CfgParams.java
[32mProcessing AutoValue_DataFlow_CfgParams                      ?
[0m16:10:21.330 [main] DEBUG o.o.j.ReloadableJava8ParserVisitor - Building AST for: /tmp/projects/NullAway/nullaway/build/generated/sources/annotationProcessor/java/main/com/uber/nullaway/dataflow/AutoValue_DataFlow_AnalysisParams.java
[32mProcessing AutoValue_DataFlow_AnalysisParams                 ?
[0mReceived 2 fixes and applied 2 number of fixes
Finished
Number of received arguments: 4
Actual Arguments: [diagnose, /tmp/NullAwayFix, cd /tmp/projects/NullAway && ./gradlew build -x test, true]
Diagnose Started...
Requesting preparation
Preparing project: true
Executing command: cd /tmp/projects/NullAway && ./gradlew build -x test
Requested command: cd /tmp/projects/NullAway && ./gradlew build -x test
Finished.
Deleted old diagnose file.
Making new diagnose.json.
Executing command: cp /tmp/NullAwayFix/fixes.json /tmp/NullAwayFix/diagnose.json
Requested command: cp /tmp/NullAwayFix/fixes.json /tmp/NullAwayFix/diagnose.json
Finished.
Made.
Preparation done
Build command: cd /tmp/projects/NullAway && ./gradlew build -x test
FILE PATH IS: /tmp/NullAwayFix/diagnose.json
Number of errors with this fix applied: 45
NullAway found 1 number of fixes
16:10:30.142 [main] DEBUG o.o.j.ReloadableJava8ParserVisitor - Building AST for: /tmp/projects/NullAway/nullaway/build/generated/sources/annotationProcessor/java/main/com/uber/nullaway/dataflow/AutoValue_DataFlow_CfgParams.java
[32mProcessing AutoValue_DataFlow_CfgParams                      ?
[0mReceived 1 fixes and applied 1 number of fixes
Number of errors with this fix applied: 45
NullAway found 1 number of fixes
16:10:34.586 [main] DEBUG o.o.j.ReloadableJava8ParserVisitor - Building AST for: /tmp/projects/NullAway/nullaway/build/generated/sources/annotationProcessor/java/main/com/uber/nullaway/dataflow/AutoValue_DataFlow_AnalysisParams.java
[32mProcessing AutoValue_DataFlow_AnalysisParams                 ?
[0mReceived 1 fixes and applied 1 number of fixes
Number of errors with this fix applied: 45
NullAway found 1 number of fixes
16:10:38.704 [main] DEBUG o.o.j.ReloadableJava8ParserVisitor - Building AST for: /tmp/projects/NullAway/nullaway/src/main/java/com/uber/nullaway/handlers/stream/StreamTypeRecord.java
[32mProcessing StreamTypeRecord                                  ?
[0mReceived 1 fixes and applied 1 number of fixes
Number of errors with this fix applied: 46
NullAway found 1 number of fixes
16:10:42.808 [main] DEBUG o.o.j.ReloadableJava8ParserVisitor - Building AST for: /tmp/projects/NullAway/nullaway/src/main/java/com/uber/nullaway/handlers/contract/ContractUtils.java
[32mProcessing ContractUtils                                     ?
[0mReceived 1 fixes and applied 1 number of fixes
Number of errors with this fix applied: 46
NullAway found 1 number of fixes
16:10:46.956 [main] DEBUG o.o.j.ReloadableJava8ParserVisitor - Building AST for: /tmp/projects/NullAway/nullaway/src/main/java/com/uber/nullaway/handlers/contract/ContractUtils.java
[32mProcessing ContractUtils                                     ?
[0mReceived 1 fixes and applied 1 number of fixes
Number of errors with this fix applied: 46
Number of received arguments: 2
Actual Arguments: [apply, /tmp/NullAwayFix/cleaned.json]
Building Injector...
built.
Injecting...
FILE PATH IS: /tmp/NullAwayFix/cleaned.json
NullAway found 2 number of fixes
16:10:52.374 [main] DEBUG o.o.j.ReloadableJava8ParserVisitor - Building AST for: /tmp/projects/NullAway/nullaway/build/generated/sources/annotationProcessor/java/main/com/uber/nullaway/dataflow/AutoValue_DataFlow_CfgParams.java
[32mProcessing AutoValue_DataFlow_CfgParams                      ?
[0m16:10:52.513 [main] DEBUG o.o.j.ReloadableJava8ParserVisitor - Building AST for: /tmp/projects/NullAway/nullaway/build/generated/sources/annotationProcessor/java/main/com/uber/nullaway/dataflow/AutoValue_DataFlow_AnalysisParams.java
[32mProcessing AutoValue_DataFlow_AnalysisParams                 ?
[0mReceived 2 fixes and applied 2 number of fixes
Finished
Cleaning...
Finished.
Executing loop command
Executing (optimized) diagnose task...
Started diagnose task...
Making build command for project...
Detected build command: "cd /tmp/projects/NullAway && ./gradlew build -x test"
Diagnosing...
Finsihed.
Diagnsoe task finished, applying effective fixes...
Analyzing diagnose report...
Selecting effective fixes...
Selected effective fixes.
Applying fixes at location: /tmp/NullAwayFix/cleaned.json
Applied.
Adding diagnosed fixes to history.
Fished adding diagnosed fixes to history.
Getting ready for next round...
Executing (optimized) diagnose task...
Started diagnose task...
Making build command for project...
Detected build command: "cd /tmp/projects/NullAway && ./gradlew build -x test"
Diagnosing...
Finsihed.
Diagnsoe task finished, applying effective fixes...
Analyzing diagnose report...
Selecting effective fixes...
Selected effective fixes.
Applying fixes at location: /tmp/NullAwayFix/cleaned.json
Applied.
Adding diagnosed fixes to history.
Fished adding diagnosed fixes to history.
Getting ready for next round...
Executing (optimized) diagnose task...
Started diagnose task...
Making build command for project...
Detected build command: "cd /tmp/projects/NullAway && ./gradlew build -x test"
Diagnosing...
Finsihed.
Diagnsoe task finished, applying effective fixes...
Analyzing diagnose report...
Selecting effective fixes...
Selected effective fixes.
Applying fixes at location: /tmp/NullAwayFix/cleaned.json
Applied.
Adding diagnosed fixes to history.
Fished adding diagnosed fixes to history.
Getting ready for next round...
Executing (optimized) diagnose task...
Started diagnose task...
Making build command for project...
Detected build command: "cd /tmp/projects/NullAway && ./gradlew build -x test"
Diagnosing...
Finsihed.
Diagnsoe task finished, applying effective fixes...
Analyzing diagnose report...
Selecting effective fixes...
Selected effective fixes.
Applying fixes at location: /tmp/NullAwayFix/cleaned.json
Applied.
Adding diagnosed fixes to history.
Fished adding diagnosed fixes to history.
Getting ready for next round...
Executing (optimized) diagnose task...
Started diagnose task...
Making build command for project...
Detected build command: "cd /tmp/projects/NullAway && ./gradlew build -x test"
Diagnosing...
Finsihed.
Diagnsoe task finished, applying effective fixes...
Analyzing diagnose report...
Selecting effective fixes...
Selected effective fixes.
Applying fixes at location: /tmp/NullAwayFix/cleaned.json
Applied.
Adding diagnosed fixes to history.
Fished adding diagnosed fixes to history.
Getting ready for next round...
Executing (optimized) diagnose task...
Started diagnose task...
Making build command for project...
Detected build command: "cd /tmp/projects/NullAway && ./gradlew build -x test"
Diagnosing...
Finsihed.
Diagnsoe task finished, applying effective fixes...
Analyzing diagnose report...
Selecting effective fixes...
Selected effective fixes.
Applying fixes at location: /tmp/NullAwayFix/cleaned.json
Applied.
Adding diagnosed fixes to history.
Fished adding diagnosed fixes to history.
Getting ready for next round...
Executing (optimized) diagnose task...
Started diagnose task...
Making build command for project...
Detected build command: "cd /tmp/projects/NullAway && ./gradlew build -x test"
Diagnosing...
Finsihed.
Diagnsoe task finished, applying effective fixes...
Analyzing diagnose report...
Selecting effective fixes...
Selected effective fixes.
Applying fixes at location: /tmp/NullAwayFix/cleaned.json
Applied.
Adding diagnosed fixes to history.
Fished adding diagnosed fixes to history.
No changes, shutting down.
Cleaning...
Finished.
