Number of received arguments: 2
Actual Arguments: [apply, /tmp/NullAwayFix/init_methods.json]
Building Injector...
built.
Injecting...
FILE PATH IS: /tmp/NullAwayFix/init_methods.json
NullAway found 2 number of fixes
12:31:39.627 [main] DEBUG o.o.j.ReloadableJava8ParserVisitor - Building AST for: /tmp/projects/NullAway/nullaway/src/main/java/com/uber/nullaway/handlers/MethodNameUtil.java
[32mProcessing MethodNameUtil                                    ?
[0m12:31:40.113 [main] DEBUG o.o.j.ReloadableJava8ParserVisitor - Building AST for: /tmp/projects/NullAway/nullaway/src/main/java/com/uber/nullaway/handlers/stream/StreamModelBuilder.java
[32mProcessing StreamModelBuilder                                ?
[0mReceived 2 fixes and applied 2 number of fixes
Finished
Started preprocessing task...
Removing old files...
Removed.
Building project...
cd /tmp/projects/NullAway && ./gradlew build -x test
Built.
Analyzing suggested fixes...
Deecting uninitialized class fields...
found 35fields.
Analyzing method infos...
Selecting appropriate method for each class field...
Analyzing class field: environment
Analyzing class field: annotatedPackages
Analyzing class field: unannotatedSubPackages
Analyzing class field: fieldAnnotPattern
Analyzing class field: optionalClassPaths
Analyzing class field: knownInitializers
Analyzing class field: excludedClassAnnotations
Analyzing class field: initializerAnnotations
Analyzing class field: externalInitAnnotations
Analyzing class field: autofixSuppressionComment
Analyzing class field: jarInferRegexStripModelJarName
Analyzing class field: jarInferRegexStripCodeJarName
Analyzing class field: errorURL
Analyzing class field: isNotNull
Selected method: initializeMethodNames(com.sun.tools.javac.util.Name.Table)
Analyzing class field: isNotNullOwner
Already chosen.
Analyzing class field: isTrue
Already chosen.
Analyzing class field: isTrueOwner
Already chosen.
Analyzing class field: assertThat
Already chosen.
Analyzing class field: assertThatOwner
Already chosen.
Analyzing class field: hamcrestAssertClass
Already chosen.
Analyzing class field: junitAssertClass
Already chosen.
Analyzing class field: matchersClass
Already chosen.
Analyzing class field: coreMatchersClass
Already chosen.
Analyzing class field: coreIsNullClass
Already chosen.
Analyzing class field: isMatcher
Already chosen.
Analyzing class field: notMatcher
Already chosen.
Analyzing class field: notNullValueMatcher
Already chosen.
Analyzing class field: nullValueMatcher
Already chosen.
Analyzing class field: filterMethodSigs
Selected method: addStreamType(com.google.errorprone.predicates.TypePredicate)
Analyzing class field: filterMethodSimpleNames
Already chosen.
Analyzing class field: mapMethodSigToRecord
Already chosen.
Analyzing class field: mapMethodSimpleNameToRecord
Already chosen.
Analyzing class field: passthroughMethodSigs
Already chosen.
Analyzing class field: passthroughMethodSimpleNames
Already chosen.
Analyzing class field: analysis
Finished detecting methods.
Passing to injector to annotate...
Annotated.
Finished.
