Number of received arguments: 4
Actual Arguments: [diagnose, /tmp/NullAwayFix, cd /tmp/projects/gson && ./gradlew build -x test, true]
Diagnose Started...
Requesting preparation
Preparing project: true
Executing command: cd /tmp/projects/gson && ./gradlew build -x test
Requested command: cd /tmp/projects/gson && ./gradlew build -x test
Finished.
Deleted old diagnose file.
Making new diagnose.json.
Executing command: cp /tmp/NullAwayFix/fixes.json /tmp/NullAwayFix/diagnose.json
Requested command: cp /tmp/NullAwayFix/fixes.json /tmp/NullAwayFix/diagnose.json
Finished.
Made.
Preparation done
Build command: cd /tmp/projects/gson && ./gradlew build -x test
FILE PATH IS: /tmp/NullAwayFix/diagnose.json
Number of errors with this fix applied: 159
NullAway found 1 number of fixes
12:51:01.591 [main] DEBUG o.o.j.ReloadableJava8ParserVisitor - Building AST for: /tmp/projects/gson/gson/src/main/java/com/google/gson/internal/LinkedTreeMap.java
[32mProcessing LinkedTreeMap                                     ?
[0mReceived 1 fixes and applied 1 number of fixes
Number of errors with this fix applied: 159
NullAway found 1 number of fixes
12:51:08.828 [main] DEBUG o.o.j.ReloadableJava8ParserVisitor - Building AST for: /tmp/projects/gson/gson/src/main/java/com/google/gson/internal/LinkedTreeMap.java
[32mProcessing LinkedTreeMap                                     ?
[0mReceived 1 fixes and applied 1 number of fixes
Number of errors with this fix applied: 159
NullAway found 1 number of fixes
12:51:16.010 [main] DEBUG o.o.j.ReloadableJava8ParserVisitor - Building AST for: /tmp/projects/gson/gson/src/main/java/com/google/gson/internal/LinkedTreeMap.java
[32mProcessing LinkedTreeMap                                     ?
[0mReceived 1 fixes and applied 1 number of fixes
Number of errors with this fix applied: 159
NullAway found 1 number of fixes
12:51:22.816 [main] DEBUG o.o.j.ReloadableJava8ParserVisitor - Building AST for: /tmp/projects/gson/gson/src/main/java/com/google/gson/internal/LinkedTreeMap.java
[32mProcessing LinkedTreeMap                                     ?
[0mReceived 1 fixes and applied 1 number of fixes
Number of errors with this fix applied: 162
NullAway found 1 number of fixes
12:51:29.543 [main] DEBUG o.o.j.ReloadableJava8ParserVisitor - Building AST for: /tmp/projects/gson/gson/src/main/java/com/google/gson/internal/LinkedTreeMap.java
[32mProcessing LinkedTreeMap                                     ?
[0mReceived 1 fixes and applied 1 number of fixes
Number of errors with this fix applied: 159
NullAway found 1 number of fixes
12:51:36.432 [main] DEBUG o.o.j.ReloadableJava8ParserVisitor - Building AST for: /tmp/projects/gson/gson/src/main/java/com/google/gson/internal/LinkedTreeMap.java
[32mProcessing LinkedTreeMap                                     ?
[0mReceived 1 fixes and applied 1 number of fixes
Number of errors with this fix applied: 159
NullAway found 1 number of fixes
12:51:43.084 [main] DEBUG o.o.j.ReloadableJava8ParserVisitor - Building AST for: /tmp/projects/gson/gson/src/main/java/com/google/gson/internal/LinkedTreeMap.java
[32mProcessing LinkedTreeMap                                     ?
[0mReceived 1 fixes and applied 1 number of fixes
Number of errors with this fix applied: 158
NullAway found 1 number of fixes
12:51:49.722 [main] DEBUG o.o.j.ReloadableJava8ParserVisitor - Building AST for: /tmp/projects/gson/gson/src/main/java/com/google/gson/internal/LinkedTreeMap.java
[32mProcessing LinkedTreeMap                                     ?
[0mReceived 1 fixes and applied 1 number of fixes
Number of errors with this fix applied: 158
NullAway found 1 number of fixes
12:51:56.461 [main] DEBUG o.o.j.ReloadableJava8ParserVisitor - Building AST for: /tmp/projects/gson/gson/src/main/java/com/google/gson/internal/LinkedTreeMap.java
[32mProcessing Node                                              ?
[0mReceived 1 fixes and applied 1 number of fixes
Number of errors with this fix applied: 160
NullAway found 1 number of fixes
12:52:03.265 [main] DEBUG o.o.j.ReloadableJava8ParserVisitor - Building AST for: /tmp/projects/gson/gson/src/main/java/com/google/gson/internal/LinkedTreeMap.java
[32mProcessing Node                                              ?
[0mReceived 1 fixes and applied 1 number of fixes
Number of errors with this fix applied: 160
NullAway found 1 number of fixes
12:52:09.886 [main] DEBUG o.o.j.ReloadableJava8ParserVisitor - Building AST for: /tmp/projects/gson/gson/src/main/java/com/google/gson/internal/LinkedTreeMap.java
[32mProcessing LinkedTreeMap                                     ?
[0mReceived 1 fixes and applied 1 number of fixes
Number of errors with this fix applied: 161
NullAway found 1 number of fixes
12:52:16.730 [main] DEBUG o.o.j.ReloadableJava8ParserVisitor - Building AST for: /tmp/projects/gson/gson/src/main/java/com/google/gson/internal/LinkedTreeMap.java
[32mProcessing Node                                              ?
[0mReceived 1 fixes and applied 1 number of fixes
Number of errors with this fix applied: 159
NullAway found 1 number of fixes
12:52:23.266 [main] DEBUG o.o.j.ReloadableJava8ParserVisitor - Building AST for: /tmp/projects/gson/gson/src/main/java/com/google/gson/internal/LinkedTreeMap.java
[32mProcessing Node                                              ?
[0mReceived 1 fixes and applied 1 number of fixes
Number of errors with this fix applied: 163
NullAway found 1 number of fixes
12:52:30.278 [main] DEBUG o.o.j.ReloadableJava8ParserVisitor - Building AST for: /tmp/projects/gson/gson/src/main/java/com/google/gson/internal/LinkedTreeMap.java
[32mProcessing LinkedTreeMapIterator                             ?
[0mReceived 1 fixes and applied 1 number of fixes
Number of errors with this fix applied: 157
NullAway found 1 number of fixes
12:52:36.938 [main] DEBUG o.o.j.ReloadableJava8ParserVisitor - Building AST for: /tmp/projects/gson/gson/src/main/java/com/google/gson/stream/JsonReader.java
[32mProcessing JsonReader                                        ?
[0mReceived 1 fixes and applied 1 number of fixes
Number of errors with this fix applied: 155
NullAway found 1 number of fixes
12:52:43.460 [main] DEBUG o.o.j.ReloadableJava8ParserVisitor - Building AST for: /tmp/projects/gson/gson/src/main/java/com/google/gson/internal/Streams.java
[32mProcessing CurrentWrite                                      ?
[0mReceived 1 fixes and applied 1 number of fixes
Number of errors with this fix applied: 160
NullAway found 1 number of fixes
12:52:50.101 [main] DEBUG o.o.j.ReloadableJava8ParserVisitor - Building AST for: /tmp/projects/gson/gson/src/main/java/com/google/gson/stream/JsonWriter.java
[32mProcessing JsonWriter                                        ?
[0mReceived 1 fixes and applied 1 number of fixes
Number of errors with this fix applied: 158
NullAway found 1 number of fixes
12:52:56.671 [main] DEBUG o.o.j.ReloadableJava8ParserVisitor - Building AST for: /tmp/projects/gson/gson/src/main/java/com/google/gson/stream/JsonWriter.java
[32mProcessing JsonWriter                                        ?
[0mReceived 1 fixes and applied 1 number of fixes
Number of errors with this fix applied: 157
NullAway found 1 number of fixes
12:53:03.219 [main] DEBUG o.o.j.ReloadableJava8ParserVisitor - Building AST for: /tmp/projects/gson/gson/src/main/java/com/google/gson/stream/JsonWriter.java
[32mProcessing JsonWriter                                        ?
[0mReceived 1 fixes and applied 1 number of fixes
Number of errors with this fix applied: 149
NullAway found 1 number of fixes
12:53:09.673 [main] DEBUG o.o.j.ReloadableJava8ParserVisitor - Building AST for: /tmp/projects/gson/gson/src/main/java/com/google/gson/internal/$Gson$Types.java
[32mProcessing $Gson$Types                                       ?
[0mReceived 1 fixes and applied 1 number of fixes
Number of errors with this fix applied: 158
NullAway found 1 number of fixes
12:53:16.152 [main] DEBUG o.o.j.ReloadableJava8ParserVisitor - Building AST for: /tmp/projects/gson/gson/src/main/java/com/google/gson/internal/$Gson$Types.java
[32mProcessing $Gson$Types                                       ?
[0mReceived 1 fixes and applied 1 number of fixes
Number of errors with this fix applied: 159
NullAway found 1 number of fixes
12:53:22.906 [main] DEBUG o.o.j.ReloadableJava8ParserVisitor - Building AST for: /tmp/projects/gson/gson/src/main/java/com/google/gson/internal/LinkedHashTreeMap.java
[32mProcessing LinkedHashTreeMap                                 ?
[0mReceived 1 fixes and applied 1 number of fixes
Number of errors with this fix applied: 159
NullAway found 1 number of fixes
12:53:29.625 [main] DEBUG o.o.j.ReloadableJava8ParserVisitor - Building AST for: /tmp/projects/gson/gson/src/main/java/com/google/gson/internal/LinkedHashTreeMap.java
[32mProcessing LinkedHashTreeMap                                 ?
[0mReceived 1 fixes and applied 1 number of fixes
Number of errors with this fix applied: 159
NullAway found 1 number of fixes
12:53:36.128 [main] DEBUG o.o.j.ReloadableJava8ParserVisitor - Building AST for: /tmp/projects/gson/gson/src/main/java/com/google/gson/internal/LinkedHashTreeMap.java
[32mProcessing LinkedHashTreeMap                                 ?
[0mReceived 1 fixes and applied 1 number of fixes
Number of errors with this fix applied: 158
NullAway found 1 number of fixes
12:53:42.696 [main] DEBUG o.o.j.ReloadableJava8ParserVisitor - Building AST for: /tmp/projects/gson/gson/src/main/java/com/google/gson/internal/LinkedHashTreeMap.java
[32mProcessing Node                                              ?
[0mReceived 1 fixes and applied 1 number of fixes
Number of errors with this fix applied: 161
NullAway found 1 number of fixes
12:53:49.315 [main] DEBUG o.o.j.ReloadableJava8ParserVisitor - Building AST for: /tmp/projects/gson/gson/src/main/java/com/google/gson/internal/LinkedHashTreeMap.java
[32mProcessing Node                                              ?
[0mReceived 1 fixes and applied 1 number of fixes
Number of errors with this fix applied: 160
NullAway found 1 number of fixes
12:53:56.176 [main] DEBUG o.o.j.ReloadableJava8ParserVisitor - Building AST for: /tmp/projects/gson/gson/src/main/java/com/google/gson/internal/LinkedHashTreeMap.java
[32mProcessing LinkedHashTreeMap                                 ?
[0mReceived 1 fixes and applied 1 number of fixes
Number of errors with this fix applied: 158
NullAway found 1 number of fixes
12:54:02.758 [main] DEBUG o.o.j.ReloadableJava8ParserVisitor - Building AST for: /tmp/projects/gson/gson/src/main/java/com/google/gson/internal/LinkedHashTreeMap.java
[32mProcessing LinkedHashTreeMap                                 ?
[0mReceived 1 fixes and applied 1 number of fixes
Number of errors with this fix applied: 159
NullAway found 1 number of fixes
12:54:09.467 [main] DEBUG o.o.j.ReloadableJava8ParserVisitor - Building AST for: /tmp/projects/gson/gson/src/main/java/com/google/gson/internal/LinkedHashTreeMap.java
[32mProcessing LinkedHashTreeMap                                 ?
[0mReceived 1 fixes and applied 1 number of fixes
Number of errors with this fix applied: 158
NullAway found 1 number of fixes
12:54:15.994 [main] DEBUG o.o.j.ReloadableJava8ParserVisitor - Building AST for: /tmp/projects/gson/gson/src/main/java/com/google/gson/internal/LinkedHashTreeMap.java
[32mProcessing LinkedHashTreeMap                                 ?
[0mReceived 1 fixes and applied 1 number of fixes
Number of errors with this fix applied: 158
NullAway found 1 number of fixes
12:54:22.318 [main] DEBUG o.o.j.ReloadableJava8ParserVisitor - Building AST for: /tmp/projects/gson/gson/src/main/java/com/google/gson/internal/LinkedHashTreeMap.java
[32mProcessing Node                                              ?
[0mReceived 1 fixes and applied 1 number of fixes
Number of errors with this fix applied: 159
NullAway found 1 number of fixes
12:54:28.932 [main] DEBUG o.o.j.ReloadableJava8ParserVisitor - Building AST for: /tmp/projects/gson/gson/src/main/java/com/google/gson/internal/LinkedHashTreeMap.java
[32mProcessing Node                                              ?
[0mReceived 1 fixes and applied 1 number of fixes
Number of errors with this fix applied: 159
NullAway found 1 number of fixes
12:54:35.426 [main] DEBUG o.o.j.ReloadableJava8ParserVisitor - Building AST for: /tmp/projects/gson/gson/src/main/java/com/google/gson/internal/LinkedHashTreeMap.java
[32mProcessing LinkedHashTreeMap                                 ?
[0mReceived 1 fixes and applied 1 number of fixes
Number of errors with this fix applied: 160
NullAway found 1 number of fixes
12:54:41.954 [main] DEBUG o.o.j.ReloadableJava8ParserVisitor - Building AST for: /tmp/projects/gson/gson/src/main/java/com/google/gson/internal/LinkedHashTreeMap.java
[32mProcessing Node                                              ?
[0mReceived 1 fixes and applied 1 number of fixes
Number of errors with this fix applied: 165
NullAway found 1 number of fixes
12:54:48.317 [main] DEBUG o.o.j.ReloadableJava8ParserVisitor - Building AST for: /tmp/projects/gson/gson/src/main/java/com/google/gson/internal/LinkedHashTreeMap.java
[32mProcessing Node                                              ?
[0mReceived 1 fixes and applied 1 number of fixes
Number of errors with this fix applied: 163
NullAway found 1 number of fixes
12:54:54.781 [main] DEBUG o.o.j.ReloadableJava8ParserVisitor - Building AST for: /tmp/projects/gson/gson/src/main/java/com/google/gson/internal/LinkedHashTreeMap.java
[32mProcessing AvlIterator                                       ?
[0mReceived 1 fixes and applied 1 number of fixes
Number of errors with this fix applied: 157
NullAway found 1 number of fixes
12:55:01.417 [main] DEBUG o.o.j.ReloadableJava8ParserVisitor - Building AST for: /tmp/projects/gson/gson/src/main/java/com/google/gson/internal/LinkedHashTreeMap.java
[32mProcessing AvlIterator                                       ?
[0mReceived 1 fixes and applied 1 number of fixes
Number of errors with this fix applied: 158
NullAway found 1 number of fixes
12:55:07.955 [main] DEBUG o.o.j.ReloadableJava8ParserVisitor - Building AST for: /tmp/projects/gson/gson/src/main/java/com/google/gson/internal/LinkedHashTreeMap.java
[32mProcessing AvlBuilder                                        ?
[0mReceived 1 fixes and applied 1 number of fixes
Number of errors with this fix applied: 159
NullAway found 1 number of fixes
12:55:14.548 [main] DEBUG o.o.j.ReloadableJava8ParserVisitor - Building AST for: /tmp/projects/gson/gson/src/main/java/com/google/gson/internal/LinkedHashTreeMap.java
[32mProcessing LinkedTreeMapIterator                             ?
[0mReceived 1 fixes and applied 1 number of fixes
Number of errors with this fix applied: 157
NullAway found 1 number of fixes
12:55:21.079 [main] DEBUG o.o.j.ReloadableJava8ParserVisitor - Building AST for: /tmp/projects/gson/gson/src/main/java/com/google/gson/internal/JsonReaderInternalAccess.java
[32mProcessing JsonReaderInternalAccess                          ?
[0mReceived 1 fixes and applied 1 number of fixes
Number of errors with this fix applied: 159
NullAway found 1 number of fixes
12:55:27.316 [main] DEBUG o.o.j.ReloadableJava8ParserVisitor - Building AST for: /tmp/projects/gson/gson/src/main/java/com/google/gson/internal/bind/ArrayTypeAdapter.java
[32mProcessing ArrayTypeAdapter                                  ?
[0mReceived 1 fixes and applied 1 number of fixes
Number of errors with this fix applied: 159
NullAway found 1 number of fixes
12:55:33.837 [main] DEBUG o.o.j.ReloadableJava8ParserVisitor - Building AST for: /tmp/projects/gson/gson/src/main/java/com/google/gson/Gson.java
[32mProcessing Gson                                              ?
[0mReceived 1 fixes and applied 1 number of fixes
Number of errors with this fix applied: 160
NullAway found 1 number of fixes
12:55:40.516 [main] DEBUG o.o.j.ReloadableJava8ParserVisitor - Building AST for: /tmp/projects/gson/gson/src/main/java/com/google/gson/Gson.java
[32mProcessing Gson                                              ?
[0mReceived 1 fixes and applied 1 number of fixes
Number of errors with this fix applied: 158
NullAway found 1 number of fixes
12:55:47.032 [main] DEBUG o.o.j.ReloadableJava8ParserVisitor - Building AST for: /tmp/projects/gson/gson/src/main/java/com/google/gson/Gson.java
[32mProcessing Gson                                              ?
[0mReceived 1 fixes and applied 1 number of fixes
Number of errors with this fix applied: 162
NullAway found 1 number of fixes
12:55:53.670 [main] DEBUG o.o.j.ReloadableJava8ParserVisitor - Building AST for: /tmp/projects/gson/gson/src/main/java/com/google/gson/Gson.java
[32mProcessing Gson                                              ?
[0mReceived 1 fixes and applied 1 number of fixes
Number of errors with this fix applied: 159
NullAway found 1 number of fixes
12:56:00.334 [main] DEBUG o.o.j.ReloadableJava8ParserVisitor - Building AST for: /tmp/projects/gson/gson/src/main/java/com/google/gson/internal/ConstructorConstructor.java
[32mProcessing ConstructorConstructor                            ?
[0mReceived 1 fixes and applied 1 number of fixes
Number of errors with this fix applied: 158
NullAway found 1 number of fixes
12:56:06.884 [main] DEBUG o.o.j.ReloadableJava8ParserVisitor - Building AST for: /tmp/projects/gson/gson/src/main/java/com/google/gson/internal/ConstructorConstructor.java
[32mProcessing ConstructorConstructor                            ?
[0mReceived 1 fixes and applied 1 number of fixes
Number of errors with this fix applied: 158
NullAway found 1 number of fixes
12:56:13.461 [main] DEBUG o.o.j.ReloadableJava8ParserVisitor - Building AST for: /tmp/projects/gson/gson/src/main/java/com/google/gson/internal/bind/JsonAdapterAnnotationTypeAdapterFactory.java
[32mProcessing JsonAdapterAnnotationTypeAdapterFactory           ?
[0mReceived 1 fixes and applied 1 number of fixes
Number of errors with this fix applied: 159
NullAway found 1 number of fixes
12:56:19.775 [main] DEBUG o.o.j.ReloadableJava8ParserVisitor - Building AST for: /tmp/projects/gson/gson/src/main/java/com/google/gson/internal/bind/TreeTypeAdapter.java
[32mProcessing TreeTypeAdapter                                   ?
[0mReceived 1 fixes and applied 1 number of fixes
Number of errors with this fix applied: 160
NullAway found 1 number of fixes
12:56:26.338 [main] DEBUG o.o.j.ReloadableJava8ParserVisitor - Building AST for: /tmp/projects/gson/gson/src/main/java/com/google/gson/internal/bind/TreeTypeAdapter.java
[32mProcessing TreeTypeAdapter                                   ?
[0mReceived 1 fixes and applied 1 number of fixes
Number of errors with this fix applied: 158
NullAway found 1 number of fixes
12:56:32.777 [main] DEBUG o.o.j.ReloadableJava8ParserVisitor - Building AST for: /tmp/projects/gson/gson/src/main/java/com/google/gson/internal/bind/TreeTypeAdapter.java
[32mProcessing TreeTypeAdapter                                   ?
[0mReceived 1 fixes and applied 1 number of fixes
Number of errors with this fix applied: 159
NullAway found 1 number of fixes
12:56:39.231 [main] DEBUG o.o.j.ReloadableJava8ParserVisitor - Building AST for: /tmp/projects/gson/gson/src/main/java/com/google/gson/internal/bind/TreeTypeAdapter.java
[32mProcessing SingleTypeFactory                                 ?
[0mReceived 1 fixes and applied 1 number of fixes
Number of errors with this fix applied: 158
NullAway found 1 number of fixes
12:56:45.564 [main] DEBUG o.o.j.ReloadableJava8ParserVisitor - Building AST for: /tmp/projects/gson/gson/src/main/java/com/google/gson/internal/bind/TreeTypeAdapter.java
[32mProcessing SingleTypeFactory                                 ?
[0mReceived 1 fixes and applied 1 number of fixes
Number of errors with this fix applied: 159
NullAway found 1 number of fixes
12:56:52.000 [main] DEBUG o.o.j.ReloadableJava8ParserVisitor - Building AST for: /tmp/projects/gson/gson/src/main/java/com/google/gson/internal/bind/TreeTypeAdapter.java
[32mProcessing SingleTypeFactory                                 ?
[0mReceived 1 fixes and applied 1 number of fixes
Number of errors with this fix applied: 159
NullAway found 1 number of fixes
12:56:58.500 [main] DEBUG o.o.j.ReloadableJava8ParserVisitor - Building AST for: /tmp/projects/gson/gson/src/main/java/com/google/gson/internal/Excluder.java
[32mProcessing Excluder                                          ?
[0mReceived 1 fixes and applied 1 number of fixes
Number of errors with this fix applied: 159
NullAway found 1 number of fixes
12:57:05.204 [main] DEBUG o.o.j.ReloadableJava8ParserVisitor - Building AST for: /tmp/projects/gson/gson/src/main/java/com/google/gson/GsonBuilder.java
[32mProcessing GsonBuilder                                       ?
[0mReceived 1 fixes and applied 1 number of fixes
Number of errors with this fix applied: 158
NullAway found 1 number of fixes
12:57:11.621 [main] DEBUG o.o.j.ReloadableJava8ParserVisitor - Building AST for: /tmp/projects/gson/gson/src/main/java/com/google/gson/internal/bind/ObjectTypeAdapter.java
[32mProcessing ObjectTypeAdapter                                 ?
[0mReceived 1 fixes and applied 1 number of fixes
Number of errors with this fix applied: 159
NullAway found 1 number of fixes
12:57:18.193 [main] DEBUG o.o.j.ReloadableJava8ParserVisitor - Building AST for: /tmp/projects/gson/gson/src/main/java/com/google/gson/internal/bind/TypeAdapters.java
[32mProcessing EnumTypeAdapter                                   ?
[0mReceived 1 fixes and applied 1 number of fixes
Number of errors with this fix applied: 158
NullAway found 1 number of fixes
12:57:25.324 [main] DEBUG o.o.j.ReloadableJava8ParserVisitor - Building AST for: /tmp/projects/gson/gson/src/main/java/com/google/gson/internal/bind/DateTypeAdapter.java
[32mProcessing DateTypeAdapter                                   ?
[0mReceived 1 fixes and applied 1 number of fixes
Number of errors with this fix applied: 159
NullAway found 1 number of fixes
12:57:31.599 [main] DEBUG o.o.j.ReloadableJava8ParserVisitor - Building AST for: /tmp/projects/gson/gson/src/main/java/com/google/gson/internal/bind/JsonTreeWriter.java
[32mProcessing JsonTreeWriter                                    ?
[0mReceived 1 fixes and applied 1 number of fixes
Number of errors with this fix applied: 158
NullAway found 1 number of fixes
12:57:38.071 [main] DEBUG o.o.j.ReloadableJava8ParserVisitor - Building AST for: /tmp/projects/gson/gson/src/main/java/com/google/gson/internal/bind/CollectionTypeAdapterFactory.java
[32mProcessing CollectionTypeAdapterFactory                      ?
[0mReceived 1 fixes and applied 1 number of fixes
Number of errors with this fix applied: 159
NullAway found 1 number of fixes
12:57:44.640 [main] DEBUG o.o.j.ReloadableJava8ParserVisitor - Building AST for: /tmp/projects/gson/gson/src/main/java/com/google/gson/internal/bind/CollectionTypeAdapterFactory.java
[32mProcessing Adapter                                           ?
[0mReceived 1 fixes and applied 1 number of fixes
Number of errors with this fix applied: 159
NullAway found 1 number of fixes
12:57:51.081 [main] DEBUG o.o.j.ReloadableJava8ParserVisitor - Building AST for: /tmp/projects/gson/gson/src/main/java/com/google/gson/internal/bind/MapTypeAdapterFactory.java
[32mProcessing MapTypeAdapterFactory                             ?
[0mReceived 1 fixes and applied 1 number of fixes
Number of errors with this fix applied: 159
NullAway found 1 number of fixes
12:57:57.587 [main] DEBUG o.o.j.ReloadableJava8ParserVisitor - Building AST for: /tmp/projects/gson/gson/src/main/java/com/google/gson/internal/bind/MapTypeAdapterFactory.java
[32mProcessing Adapter                                           ?
[0mReceived 1 fixes and applied 1 number of fixes
Number of errors with this fix applied: 159
NullAway found 1 number of fixes
12:58:04.168 [main] DEBUG o.o.j.ReloadableJava8ParserVisitor - Building AST for: /tmp/projects/gson/gson/src/main/java/com/google/gson/internal/bind/ReflectiveTypeAdapterFactory.java
[32mProcessing ReflectiveTypeAdapterFactory                      ?
[0mReceived 1 fixes and applied 1 number of fixes
Number of errors with this fix applied: 159
NullAway found 1 number of fixes
12:58:10.515 [main] DEBUG o.o.j.ReloadableJava8ParserVisitor - Building AST for: /tmp/projects/gson/gson/src/main/java/com/google/gson/internal/bind/ReflectiveTypeAdapterFactory.java
[32mProcessing Adapter                                           ?
[0mReceived 1 fixes and applied 1 number of fixes
Number of errors with this fix applied: 159
NullAway found 1 number of fixes
12:58:17.149 [main] DEBUG o.o.j.ReloadableJava8ParserVisitor - Building AST for: /tmp/projects/gson/gson/src/main/java/com/google/gson/internal/bind/SqlDateTypeAdapter.java
[32mProcessing SqlDateTypeAdapter                                ?
[0mReceived 1 fixes and applied 1 number of fixes
Number of errors with this fix applied: 159
NullAway found 1 number of fixes
12:58:23.459 [main] DEBUG o.o.j.ReloadableJava8ParserVisitor - Building AST for: /tmp/projects/gson/gson/src/main/java/com/google/gson/internal/bind/TimeTypeAdapter.java
[32mProcessing TimeTypeAdapter                                   ?
[0mReceived 1 fixes and applied 1 number of fixes
Number of errors with this fix applied: 159
NullAway found 1 number of fixes
12:58:29.773 [main] DEBUG o.o.j.ReloadableJava8ParserVisitor - Building AST for: /tmp/projects/gson/gson/src/main/java/com/google/gson/internal/reflect/UnsafeReflectionAccessor.java
[32mProcessing UnsafeReflectionAccessor                          ?
[0mReceived 1 fixes and applied 1 number of fixes
Number of errors with this fix applied: 159
NullAway found 1 number of fixes
12:58:36.139 [main] DEBUG o.o.j.ReloadableJava8ParserVisitor - Building AST for: /tmp/projects/gson/gson/src/main/java/com/google/gson/internal/reflect/UnsafeReflectionAccessor.java
[32mProcessing UnsafeReflectionAccessor                          ?
[0mReceived 1 fixes and applied 1 number of fixes
Number of errors with this fix applied: 159
NullAway found 1 number of fixes
12:58:42.699 [main] DEBUG o.o.j.ReloadableJava8ParserVisitor - Building AST for: /tmp/projects/gson/gson/src/main/java/com/google/gson/internal/reflect/UnsafeReflectionAccessor.java
[32mProcessing UnsafeReflectionAccessor                          ?
[0mReceived 1 fixes and applied 1 number of fixes
Number of errors with this fix applied: 159
NullAway found 1 number of fixes
12:58:49.365 [main] DEBUG o.o.j.ReloadableJava8ParserVisitor - Building AST for: /tmp/projects/gson/gson/src/main/java/com/google/gson/DefaultDateTypeAdapter.java
[32mProcessing DefaultDateTypeAdapter                            ?
[0mReceived 1 fixes and applied 1 number of fixes
Number of errors with this fix applied: 159
Number of received arguments: 2
Actual Arguments: [apply, /tmp/NullAwayFix/cleaned.json]
Building Injector...
built.
Injecting...
FILE PATH IS: /tmp/NullAwayFix/cleaned.json
NullAway found 58 number of fixes
12:58:57.129 [main] DEBUG o.o.j.ReloadableJava8ParserVisitor - Building AST for: /tmp/projects/gson/gson/src/main/java/com/google/gson/internal/JsonReaderInternalAccess.java
[32mProcessing JsonReaderInternalAccess                          ?
[0m12:58:57.484 [main] DEBUG o.o.j.ReloadableJava8ParserVisitor - Building AST for: /tmp/projects/gson/gson/src/main/java/com/google/gson/internal/bind/ReflectiveTypeAdapterFactory.java
[32mProcessing ReflectiveTypeAdapterFactory                      ?
[0m12:58:58.048 [main] DEBUG o.o.j.ReloadableJava8ParserVisitor - Building AST for: /tmp/projects/gson/gson/src/main/java/com/google/gson/internal/LinkedHashTreeMap.java
[32mProcessing Node                                              ?
[0m12:58:58.754 [main] DEBUG o.o.j.ReloadableJava8ParserVisitor - Building AST for: /tmp/projects/gson/gson/src/main/java/com/google/gson/internal/LinkedTreeMap.java
[32mProcessing LinkedTreeMap                                     ?
[0m12:58:59.007 [main] DEBUG o.o.j.ReloadableJava8ParserVisitor - Building AST for: /tmp/projects/gson/gson/src/main/java/com/google/gson/internal/reflect/UnsafeReflectionAccessor.java
[32mProcessing UnsafeReflectionAccessor                          ?
[0m12:58:59.076 [main] DEBUG o.o.j.ReloadableJava8ParserVisitor - Building AST for: /tmp/projects/gson/gson/src/main/java/com/google/gson/internal/bind/CollectionTypeAdapterFactory.java
[32mProcessing Adapter                                           ?
[0m12:58:59.115 [main] DEBUG o.o.j.ReloadableJava8ParserVisitor - Building AST for: /tmp/projects/gson/gson/src/main/java/com/google/gson/internal/bind/TreeTypeAdapter.java
[32mProcessing TreeTypeAdapter                                   ?
[0m12:58:59.167 [main] DEBUG o.o.j.ReloadableJava8ParserVisitor - Building AST for: /tmp/projects/gson/gson/src/main/java/com/google/gson/internal/bind/ObjectTypeAdapter.java
[32mProcessing ObjectTypeAdapter                                 ?
[0m12:58:59.198 [main] DEBUG o.o.j.ReloadableJava8ParserVisitor - Building AST for: /tmp/projects/gson/gson/src/main/java/com/google/gson/internal/bind/JsonAdapterAnnotationTypeAdapterFactory.java
[32mProcessing JsonAdapterAnnotationTypeAdapterFactory           ?
[0m12:58:59.223 [main] DEBUG o.o.j.ReloadableJava8ParserVisitor - Building AST for: /tmp/projects/gson/gson/src/main/java/com/google/gson/internal/bind/DateTypeAdapter.java
[32mProcessing DateTypeAdapter                                   ?
[0m12:58:59.341 [main] DEBUG o.o.j.ReloadableJava8ParserVisitor - Building AST for: /tmp/projects/gson/gson/src/main/java/com/google/gson/internal/$Gson$Types.java
[32mProcessing $Gson$Types                                       ?
[0m12:58:59.656 [main] DEBUG o.o.j.ReloadableJava8ParserVisitor - Building AST for: /tmp/projects/gson/gson/src/main/java/com/google/gson/Gson.java
[32mProcessing Gson                                              ?
[0m12:58:59.910 [main] DEBUG o.o.j.ReloadableJava8ParserVisitor - Building AST for: /tmp/projects/gson/gson/src/main/java/com/google/gson/internal/bind/MapTypeAdapterFactory.java
[32mProcessing MapTypeAdapterFactory                             ?
[0m12:58:59.966 [main] DEBUG o.o.j.ReloadableJava8ParserVisitor - Building AST for: /tmp/projects/gson/gson/src/main/java/com/google/gson/internal/bind/TimeTypeAdapter.java
[32mProcessing TimeTypeAdapter                                   ?
[0m12:58:59.989 [main] DEBUG o.o.j.ReloadableJava8ParserVisitor - Building AST for: /tmp/projects/gson/gson/src/main/java/com/google/gson/internal/bind/SqlDateTypeAdapter.java
[32mProcessing SqlDateTypeAdapter                                ?
[0m12:59:00.014 [main] DEBUG o.o.j.ReloadableJava8ParserVisitor - Building AST for: /tmp/projects/gson/gson/src/main/java/com/google/gson/internal/bind/ArrayTypeAdapter.java
[32mProcessing ArrayTypeAdapter                                  ?
[0m12:59:00.053 [main] DEBUG o.o.j.ReloadableJava8ParserVisitor - Building AST for: /tmp/projects/gson/gson/src/main/java/com/google/gson/DefaultDateTypeAdapter.java
[32mProcessing DefaultDateTypeAdapter                            ?
[0m12:59:00.177 [main] DEBUG o.o.j.ReloadableJava8ParserVisitor - Building AST for: /tmp/projects/gson/gson/src/main/java/com/google/gson/internal/Excluder.java
[32mProcessing Excluder                                          ?
[0m12:59:00.262 [main] DEBUG o.o.j.ReloadableJava8ParserVisitor - Building AST for: /tmp/projects/gson/gson/src/main/java/com/google/gson/internal/ConstructorConstructor.java
[32mProcessing ConstructorConstructor                            ?
[0m12:59:00.380 [main] DEBUG o.o.j.ReloadableJava8ParserVisitor - Building AST for: /tmp/projects/gson/gson/src/main/java/com/google/gson/internal/bind/TypeAdapters.java
[32mProcessing EnumTypeAdapter                                   ?
[0m12:59:00.564 [main] DEBUG o.o.j.ReloadableJava8ParserVisitor - Building AST for: /tmp/projects/gson/gson/src/main/java/com/google/gson/stream/JsonWriter.java
[32mProcessing JsonWriter                                        ?
[0m12:59:00.664 [main] DEBUG o.o.j.ReloadableJava8ParserVisitor - Building AST for: /tmp/projects/gson/gson/src/main/java/com/google/gson/internal/bind/JsonTreeWriter.java
[32mProcessing JsonTreeWriter                                    ?
[0m12:59:00.739 [main] DEBUG o.o.j.ReloadableJava8ParserVisitor - Building AST for: /tmp/projects/gson/gson/src/main/java/com/google/gson/GsonBuilder.java
[32mProcessing GsonBuilder                                       ?
[0m12:59:00.895 [main] DEBUG o.o.j.ReloadableJava8ParserVisitor - Building AST for: /tmp/projects/gson/gson/src/main/java/com/google/gson/stream/JsonReader.java
[32mProcessing JsonReader                                        ?
[0mReceived 58 fixes and applied 58 number of fixes
Finished
Number of received arguments: 4
Actual Arguments: [diagnose, /tmp/NullAwayFix, cd /tmp/projects/gson && ./gradlew build -x test, true]
Diagnose Started...
Requesting preparation
Preparing project: true
Executing command: cd /tmp/projects/gson && ./gradlew build -x test
Requested command: cd /tmp/projects/gson && ./gradlew build -x test
Finished.
Deleted old diagnose file.
Making new diagnose.json.
Executing command: cp /tmp/NullAwayFix/fixes.json /tmp/NullAwayFix/diagnose.json
Requested command: cp /tmp/NullAwayFix/fixes.json /tmp/NullAwayFix/diagnose.json
Finished.
Made.
Preparation done
Build command: cd /tmp/projects/gson && ./gradlew build -x test
FILE PATH IS: /tmp/NullAwayFix/diagnose.json
Number of errors with this fix applied: 116
NullAway found 1 number of fixes
12:59:14.577 [main] DEBUG o.o.j.ReloadableJava8ParserVisitor - Building AST for: /tmp/projects/gson/gson/src/main/java/com/google/gson/JsonObject.java
[32mProcessing JsonObject                                        ?
[0mReceived 1 fixes and applied 1 number of fixes
Number of errors with this fix applied: 115
NullAway found 1 number of fixes
12:59:21.378 [main] DEBUG o.o.j.ReloadableJava8ParserVisitor - Building AST for: /tmp/projects/gson/gson/src/main/java/com/google/gson/internal/LinkedTreeMap.java
[32mProcessing LinkedTreeMap                                     ?
[0mReceived 1 fixes and applied 1 number of fixes
Number of errors with this fix applied: 119
NullAway found 1 number of fixes
12:59:28.080 [main] DEBUG o.o.j.ReloadableJava8ParserVisitor - Building AST for: /tmp/projects/gson/gson/src/main/java/com/google/gson/internal/LinkedTreeMap.java
[32mProcessing Node                                              ?
[0mReceived 1 fixes and applied 1 number of fixes
Number of errors with this fix applied: 115
NullAway found 1 number of fixes
12:59:34.548 [main] DEBUG o.o.j.ReloadableJava8ParserVisitor - Building AST for: /tmp/projects/gson/gson/src/main/java/com/google/gson/internal/LinkedTreeMap.java
[32mProcessing Node                                              ?
[0mReceived 1 fixes and applied 1 number of fixes
Number of errors with this fix applied: 117
NullAway found 1 number of fixes
12:59:41.027 [main] DEBUG o.o.j.ReloadableJava8ParserVisitor - Building AST for: /tmp/projects/gson/gson/src/main/java/com/google/gson/internal/LinkedTreeMap.java
[32mProcessing Node                                              ?
[0mReceived 1 fixes and applied 1 number of fixes
Number of errors with this fix applied: 117
NullAway found 1 number of fixes
12:59:47.445 [main] DEBUG o.o.j.ReloadableJava8ParserVisitor - Building AST for: /tmp/projects/gson/gson/src/main/java/com/google/gson/internal/LinkedTreeMap.java
[32mProcessing LinkedTreeMap                                     ?
[0mReceived 1 fixes and applied 1 number of fixes
Number of errors with this fix applied: 117
NullAway found 1 number of fixes
12:59:53.822 [main] DEBUG o.o.j.ReloadableJava8ParserVisitor - Building AST for: /tmp/projects/gson/gson/src/main/java/com/google/gson/internal/LinkedTreeMap.java
[32mProcessing LinkedTreeMap                                     ?
[0mReceived 1 fixes and applied 1 number of fixes
Number of errors with this fix applied: 115
NullAway found 1 number of fixes
13:00:00.228 [main] DEBUG o.o.j.ReloadableJava8ParserVisitor - Building AST for: /tmp/projects/gson/gson/src/main/java/com/google/gson/internal/LinkedTreeMap.java
[32mProcessing LinkedTreeMap                                     ?
[0mReceived 1 fixes and applied 1 number of fixes
Number of errors with this fix applied: 115
NullAway found 1 number of fixes
13:00:06.820 [main] DEBUG o.o.j.ReloadableJava8ParserVisitor - Building AST for: /tmp/projects/gson/gson/src/main/java/com/google/gson/internal/LinkedTreeMap.java
[32mProcessing Node                                              ?
[0mReceived 1 fixes and applied 1 number of fixes
Number of errors with this fix applied: 120
NullAway found 1 number of fixes
13:00:13.381 [main] DEBUG o.o.j.ReloadableJava8ParserVisitor - Building AST for: /tmp/projects/gson/gson/src/main/java/com/google/gson/stream/JsonReader.java
[32mProcessing JsonReader                                        ?
[0mReceived 1 fixes and applied 1 number of fixes
Number of errors with this fix applied: 122
NullAway found 1 number of fixes
13:00:19.897 [main] DEBUG o.o.j.ReloadableJava8ParserVisitor - Building AST for: /tmp/projects/gson/gson/src/main/java/com/google/gson/internal/Streams.java
[32mProcessing CurrentWrite                                      ?
[0mReceived 1 fixes and applied 1 number of fixes
Number of errors with this fix applied: 117
NullAway found 1 number of fixes
13:00:26.152 [main] DEBUG o.o.j.ReloadableJava8ParserVisitor - Building AST for: /tmp/projects/gson/gson/src/main/java/com/google/gson/internal/$Gson$Types.java
[32mProcessing ParameterizedTypeImpl                             ?
[0mReceived 1 fixes and applied 1 number of fixes
Number of errors with this fix applied: 115
NullAway found 1 number of fixes
13:00:32.724 [main] DEBUG o.o.j.ReloadableJava8ParserVisitor - Building AST for: /tmp/projects/gson/gson/src/main/java/com/google/gson/internal/LinkedHashTreeMap.java
[32mProcessing Node                                              ?
[0mReceived 1 fixes and applied 1 number of fixes
Number of errors with this fix applied: 118
NullAway found 1 number of fixes
13:00:39.092 [main] DEBUG o.o.j.ReloadableJava8ParserVisitor - Building AST for: /tmp/projects/gson/gson/src/main/java/com/google/gson/internal/LinkedHashTreeMap.java
[32mProcessing Node                                              ?
[0mReceived 1 fixes and applied 1 number of fixes
Number of errors with this fix applied: 117
NullAway found 1 number of fixes
13:00:45.438 [main] DEBUG o.o.j.ReloadableJava8ParserVisitor - Building AST for: /tmp/projects/gson/gson/src/main/java/com/google/gson/internal/LinkedHashTreeMap.java
[32mProcessing LinkedHashTreeMap                                 ?
[0mReceived 1 fixes and applied 1 number of fixes
Number of errors with this fix applied: 115
NullAway found 1 number of fixes
13:00:51.929 [main] DEBUG o.o.j.ReloadableJava8ParserVisitor - Building AST for: /tmp/projects/gson/gson/src/main/java/com/google/gson/internal/LinkedHashTreeMap.java
[32mProcessing LinkedHashTreeMap                                 ?
[0mReceived 1 fixes and applied 1 number of fixes
Number of errors with this fix applied: 115
NullAway found 1 number of fixes
13:00:58.256 [main] DEBUG o.o.j.ReloadableJava8ParserVisitor - Building AST for: /tmp/projects/gson/gson/src/main/java/com/google/gson/internal/LinkedHashTreeMap.java
[32mProcessing Node                                              ?
[0mReceived 1 fixes and applied 1 number of fixes
Number of errors with this fix applied: 118
NullAway found 1 number of fixes
13:01:04.534 [main] DEBUG o.o.j.ReloadableJava8ParserVisitor - Building AST for: /tmp/projects/gson/gson/src/main/java/com/google/gson/internal/LinkedHashTreeMap.java
[32mProcessing Node                                              ?
[0mReceived 1 fixes and applied 1 number of fixes
Number of errors with this fix applied: 119
NullAway found 1 number of fixes
13:01:10.881 [main] DEBUG o.o.j.ReloadableJava8ParserVisitor - Building AST for: /tmp/projects/gson/gson/src/main/java/com/google/gson/TypeAdapter.java
[32mProcessing TypeAdapter                                       ?
[0mReceived 1 fixes and applied 1 number of fixes
Number of errors with this fix applied: 116
NullAway found 1 number of fixes
13:01:17.101 [main] DEBUG o.o.j.ReloadableJava8ParserVisitor - Building AST for: /tmp/projects/gson/gson/src/main/java/com/google/gson/Gson.java
[32mProcessing Gson                                              ?
[0mReceived 1 fixes and applied 1 number of fixes
Number of errors with this fix applied: 116
NullAway found 1 number of fixes
13:01:23.794 [main] DEBUG o.o.j.ReloadableJava8ParserVisitor - Building AST for: /tmp/projects/gson/gson/src/main/java/com/google/gson/Gson.java
[32mProcessing Gson                                              ?
[0mReceived 1 fixes and applied 1 number of fixes
Number of errors with this fix applied: 118
NullAway found 1 number of fixes
13:01:30.240 [main] DEBUG o.o.j.ReloadableJava8ParserVisitor - Building AST for: /tmp/projects/gson/gson/src/main/java/com/google/gson/TypeAdapterFactory.java
[32mProcessing TypeAdapterFactory                                ?
[0mReceived 1 fixes and applied 1 number of fixes
Number of errors with this fix applied: 111
NullAway found 1 number of fixes
13:01:36.583 [main] DEBUG o.o.j.ReloadableJava8ParserVisitor - Building AST for: /tmp/projects/gson/gson/src/main/java/com/google/gson/internal/bind/TreeTypeAdapter.java
[32mProcessing TreeTypeAdapter                                   ?
[0mReceived 1 fixes and applied 1 number of fixes
Number of errors with this fix applied: 118
NullAway found 1 number of fixes
13:01:43.097 [main] DEBUG o.o.j.ReloadableJava8ParserVisitor - Building AST for: /tmp/projects/gson/gson/src/main/java/com/google/gson/internal/bind/TreeTypeAdapter.java
[32mProcessing GsonContextImpl                                   ?
[0mReceived 1 fixes and applied 1 number of fixes
Number of errors with this fix applied: 116
NullAway found 1 number of fixes
13:01:49.393 [main] DEBUG o.o.j.ReloadableJava8ParserVisitor - Building AST for: /tmp/projects/gson/gson/src/main/java/com/google/gson/GsonBuilder.java
[32mProcessing GsonBuilder                                       ?
[0mReceived 1 fixes and applied 1 number of fixes
Number of errors with this fix applied: 115
NullAway found 1 number of fixes
13:01:55.546 [main] DEBUG o.o.j.ReloadableJava8ParserVisitor - Building AST for: /tmp/projects/gson/gson/src/main/java/com/google/gson/internal/bind/JsonTreeWriter.java
[32mProcessing JsonTreeWriter                                    ?
[0mReceived 1 fixes and applied 1 number of fixes
Number of errors with this fix applied: 115
Number of received arguments: 2
Actual Arguments: [apply, /tmp/NullAwayFix/cleaned.json]
Building Injector...
built.
Injecting...
FILE PATH IS: /tmp/NullAwayFix/cleaned.json
NullAway found 13 number of fixes
13:02:02.964 [main] DEBUG o.o.j.ReloadableJava8ParserVisitor - Building AST for: /tmp/projects/gson/gson/src/main/java/com/google/gson/Gson.java
[32mProcessing Gson                                              ?
[0m13:02:03.675 [main] DEBUG o.o.j.ReloadableJava8ParserVisitor - Building AST for: /tmp/projects/gson/gson/src/main/java/com/google/gson/internal/bind/TreeTypeAdapter.java
[32mProcessing GsonContextImpl                                   ?
[0m13:02:03.776 [main] DEBUG o.o.j.ReloadableJava8ParserVisitor - Building AST for: /tmp/projects/gson/gson/src/main/java/com/google/gson/TypeAdapter.java
[32mProcessing TypeAdapter                                       ?
[0m13:02:03.955 [main] DEBUG o.o.j.ReloadableJava8ParserVisitor - Building AST for: /tmp/projects/gson/gson/src/main/java/com/google/gson/internal/LinkedHashTreeMap.java
[32mProcessing LinkedHashTreeMap                                 ?
[0m13:02:04.360 [main] DEBUG o.o.j.ReloadableJava8ParserVisitor - Building AST for: /tmp/projects/gson/gson/src/main/java/com/google/gson/internal/LinkedTreeMap.java
[32mProcessing LinkedTreeMap                                     ?
[0m13:02:04.600 [main] DEBUG o.o.j.ReloadableJava8ParserVisitor - Building AST for: /tmp/projects/gson/gson/src/main/java/com/google/gson/GsonBuilder.java
[32mProcessing GsonBuilder                                       ?
[0m13:02:04.715 [main] DEBUG o.o.j.ReloadableJava8ParserVisitor - Building AST for: /tmp/projects/gson/gson/src/main/java/com/google/gson/internal/bind/JsonTreeWriter.java
[32mProcessing JsonTreeWriter                                    ?
[0m13:02:04.784 [main] DEBUG o.o.j.ReloadableJava8ParserVisitor - Building AST for: /tmp/projects/gson/gson/src/main/java/com/google/gson/JsonObject.java
[32mProcessing JsonObject                                        ?
[0m13:02:04.890 [main] DEBUG o.o.j.ReloadableJava8ParserVisitor - Building AST for: /tmp/projects/gson/gson/src/main/java/com/google/gson/internal/$Gson$Types.java
[32mProcessing ParameterizedTypeImpl                             ?
[0m13:02:05.059 [main] DEBUG o.o.j.ReloadableJava8ParserVisitor - Building AST for: /tmp/projects/gson/gson/src/main/java/com/google/gson/TypeAdapterFactory.java
[32mProcessing TypeAdapterFactory                                ?
[0mReceived 13 fixes and applied 13 number of fixes
Finished
Number of received arguments: 4
Actual Arguments: [diagnose, /tmp/NullAwayFix, cd /tmp/projects/gson && ./gradlew build -x test, true]
Diagnose Started...
Requesting preparation
Preparing project: true
Executing command: cd /tmp/projects/gson && ./gradlew build -x test
Requested command: cd /tmp/projects/gson && ./gradlew build -x test
Finished.
Deleted old diagnose file.
Making new diagnose.json.
Executing command: cp /tmp/NullAwayFix/fixes.json /tmp/NullAwayFix/diagnose.json
Requested command: cp /tmp/NullAwayFix/fixes.json /tmp/NullAwayFix/diagnose.json
Finished.
Made.
Preparation done
Build command: cd /tmp/projects/gson && ./gradlew build -x test
FILE PATH IS: /tmp/NullAwayFix/diagnose.json
Number of errors with this fix applied: 102
NullAway found 1 number of fixes
13:02:18.716 [main] DEBUG o.o.j.ReloadableJava8ParserVisitor - Building AST for: /tmp/projects/gson/gson/src/main/java/com/google/gson/internal/LinkedTreeMap.java
[32mProcessing LinkedTreeMap                                     ?
[0mReceived 1 fixes and applied 1 number of fixes
Number of errors with this fix applied: 105
NullAway found 1 number of fixes
13:02:25.542 [main] DEBUG o.o.j.ReloadableJava8ParserVisitor - Building AST for: /tmp/projects/gson/gson/src/main/java/com/google/gson/internal/LinkedTreeMap.java
[32mProcessing Node                                              ?
[0mReceived 1 fixes and applied 1 number of fixes
Number of errors with this fix applied: 103
NullAway found 1 number of fixes
13:02:32.129 [main] DEBUG o.o.j.ReloadableJava8ParserVisitor - Building AST for: /tmp/projects/gson/gson/src/main/java/com/google/gson/internal/LinkedTreeMap.java
[32mProcessing Node                                              ?
[0mReceived 1 fixes and applied 1 number of fixes
Number of errors with this fix applied: 103
NullAway found 1 number of fixes
13:02:38.453 [main] DEBUG o.o.j.ReloadableJava8ParserVisitor - Building AST for: /tmp/projects/gson/gson/src/main/java/com/google/gson/internal/LinkedTreeMap.java
[32mProcessing LinkedTreeMap                                     ?
[0mReceived 1 fixes and applied 1 number of fixes
Number of errors with this fix applied: 103
NullAway found 1 number of fixes
13:02:44.844 [main] DEBUG o.o.j.ReloadableJava8ParserVisitor - Building AST for: /tmp/projects/gson/gson/src/main/java/com/google/gson/internal/LinkedTreeMap.java
[32mProcessing Node                                              ?
[0mReceived 1 fixes and applied 1 number of fixes
Number of errors with this fix applied: 106
NullAway found 1 number of fixes
13:02:51.392 [main] DEBUG o.o.j.ReloadableJava8ParserVisitor - Building AST for: /tmp/projects/gson/gson/src/main/java/com/google/gson/stream/JsonReader.java
[32mProcessing JsonReader                                        ?
[0mReceived 1 fixes and applied 1 number of fixes
Number of errors with this fix applied: 108
NullAway found 1 number of fixes
13:02:57.931 [main] DEBUG o.o.j.ReloadableJava8ParserVisitor - Building AST for: /tmp/projects/gson/gson/src/main/java/com/google/gson/internal/Streams.java
[32mProcessing Streams                                           ?
[0mReceived 1 fixes and applied 1 number of fixes
Number of errors with this fix applied: 104
NullAway found 1 number of fixes
13:03:04.085 [main] DEBUG o.o.j.ReloadableJava8ParserVisitor - Building AST for: /tmp/projects/gson/gson/src/main/java/com/google/gson/internal/Streams.java
[32mProcessing CurrentWrite                                      ?
[0mReceived 1 fixes and applied 1 number of fixes
Number of errors with this fix applied: 103
NullAway found 1 number of fixes
13:03:10.304 [main] DEBUG o.o.j.ReloadableJava8ParserVisitor - Building AST for: /tmp/projects/gson/gson/src/main/java/com/google/gson/internal/LinkedHashTreeMap.java
[32mProcessing Node                                              ?
[0mReceived 1 fixes and applied 1 number of fixes
Number of errors with this fix applied: 104
NullAway found 1 number of fixes
13:03:16.601 [main] DEBUG o.o.j.ReloadableJava8ParserVisitor - Building AST for: /tmp/projects/gson/gson/src/main/java/com/google/gson/internal/LinkedHashTreeMap.java
[32mProcessing Node                                              ?
[0mReceived 1 fixes and applied 1 number of fixes
Number of errors with this fix applied: 103
NullAway found 1 number of fixes
13:03:22.892 [main] DEBUG o.o.j.ReloadableJava8ParserVisitor - Building AST for: /tmp/projects/gson/gson/src/main/java/com/google/gson/internal/LinkedHashTreeMap.java
[32mProcessing Node                                              ?
[0mReceived 1 fixes and applied 1 number of fixes
Number of errors with this fix applied: 104
NullAway found 1 number of fixes
13:03:29.227 [main] DEBUG o.o.j.ReloadableJava8ParserVisitor - Building AST for: /tmp/projects/gson/gson/src/main/java/com/google/gson/internal/LinkedHashTreeMap.java
[32mProcessing Node                                              ?
[0mReceived 1 fixes and applied 1 number of fixes
Number of errors with this fix applied: 105
NullAway found 1 number of fixes
13:03:35.504 [main] DEBUG o.o.j.ReloadableJava8ParserVisitor - Building AST for: /tmp/projects/gson/gson/src/main/java/com/google/gson/TypeAdapter.java
[32mProcessing TypeAdapter                                       ?
[0mReceived 1 fixes and applied 1 number of fixes
Number of errors with this fix applied: 102
NullAway found 1 number of fixes
13:03:41.412 [main] DEBUG o.o.j.ReloadableJava8ParserVisitor - Building AST for: /tmp/projects/gson/gson/src/main/java/com/google/gson/TypeAdapter.java
[32mProcessing TypeAdapter                                       ?
[0mReceived 1 fixes and applied 1 number of fixes
Number of errors with this fix applied: 101
NullAway found 1 number of fixes
13:03:47.593 [main] DEBUG o.o.j.ReloadableJava8ParserVisitor - Building AST for: /tmp/projects/gson/gson/src/main/java/com/google/gson/Gson.java
[32mProcessing Gson                                              ?
[0mReceived 1 fixes and applied 1 number of fixes
Number of errors with this fix applied: 103
NullAway found 1 number of fixes
13:03:54.083 [main] DEBUG o.o.j.ReloadableJava8ParserVisitor - Building AST for: /tmp/projects/gson/gson/src/main/java/com/google/gson/Gson.java
[32mProcessing FutureTypeAdapter                                 ?
[0mReceived 1 fixes and applied 1 number of fixes
Number of errors with this fix applied: 101
NullAway found 1 number of fixes
13:04:00.574 [main] DEBUG o.o.j.ReloadableJava8ParserVisitor - Building AST for: /tmp/projects/gson/gson/src/main/java/com/google/gson/internal/bind/TreeTypeAdapter.java
[32mProcessing TreeTypeAdapter                                   ?
[0mReceived 1 fixes and applied 1 number of fixes
Number of errors with this fix applied: 104
NullAway found 1 number of fixes
13:04:06.649 [main] DEBUG o.o.j.ReloadableJava8ParserVisitor - Building AST for: /tmp/projects/gson/gson/src/main/java/com/google/gson/internal/bind/JsonAdapterAnnotationTypeAdapterFactory.java
[32mProcessing JsonAdapterAnnotationTypeAdapterFactory           ?
[0mReceived 1 fixes and applied 1 number of fixes
Number of errors with this fix applied: 101
NullAway found 1 number of fixes
13:04:12.895 [main] DEBUG o.o.j.ReloadableJava8ParserVisitor - Building AST for: /tmp/projects/gson/gson/src/main/java/com/google/gson/JsonDeserializationContext.java
[32mProcessing JsonDeserializationContext                        ?
[0mReceived 1 fixes and applied 1 number of fixes
Number of errors with this fix applied: 101
NullAway found 1 number of fixes
13:04:18.932 [main] DEBUG o.o.j.ReloadableJava8ParserVisitor - Building AST for: /tmp/projects/gson/gson/src/main/java/com/google/gson/internal/bind/TypeAdapterRuntimeTypeWrapper.java
[32mProcessing TypeAdapterRuntimeTypeWrapper                     ?
[0mReceived 1 fixes and applied 1 number of fixes
Number of errors with this fix applied: 101
Number of received arguments: 2
Actual Arguments: [apply, /tmp/NullAwayFix/cleaned.json]
Building Injector...
built.
Injecting...
FILE PATH IS: /tmp/NullAwayFix/cleaned.json
NullAway found 6 number of fixes
13:04:25.875 [main] DEBUG o.o.j.ReloadableJava8ParserVisitor - Building AST for: /tmp/projects/gson/gson/src/main/java/com/google/gson/TypeAdapter.java
[32mProcessing TypeAdapter                                       ?
[0m13:04:26.196 [main] DEBUG o.o.j.ReloadableJava8ParserVisitor - Building AST for: /tmp/projects/gson/gson/src/main/java/com/google/gson/JsonDeserializationContext.java
[32mProcessing JsonDeserializationContext                        ?
[0m13:04:26.246 [main] DEBUG o.o.j.ReloadableJava8ParserVisitor - Building AST for: /tmp/projects/gson/gson/src/main/java/com/google/gson/internal/bind/TypeAdapterRuntimeTypeWrapper.java
[32mProcessing TypeAdapterRuntimeTypeWrapper                     ?
[0m13:04:26.363 [main] DEBUG o.o.j.ReloadableJava8ParserVisitor - Building AST for: /tmp/projects/gson/gson/src/main/java/com/google/gson/internal/bind/JsonAdapterAnnotationTypeAdapterFactory.java
[32mProcessing JsonAdapterAnnotationTypeAdapterFactory           ?
[0m13:04:26.609 [main] DEBUG o.o.j.ReloadableJava8ParserVisitor - Building AST for: /tmp/projects/gson/gson/src/main/java/com/google/gson/Gson.java
[32mProcessing FutureTypeAdapter                                 ?
[0mReceived 6 fixes and applied 6 number of fixes
Finished
Number of received arguments: 4
Actual Arguments: [diagnose, /tmp/NullAwayFix, cd /tmp/projects/gson && ./gradlew build -x test, true]
Diagnose Started...
Requesting preparation
Preparing project: true
Executing command: cd /tmp/projects/gson && ./gradlew build -x test
Requested command: cd /tmp/projects/gson && ./gradlew build -x test
Finished.
Deleted old diagnose file.
Making new diagnose.json.
Executing command: cp /tmp/NullAwayFix/fixes.json /tmp/NullAwayFix/diagnose.json
Requested command: cp /tmp/NullAwayFix/fixes.json /tmp/NullAwayFix/diagnose.json
Finished.
Made.
Preparation done
Build command: cd /tmp/projects/gson && ./gradlew build -x test
FILE PATH IS: /tmp/NullAwayFix/diagnose.json
Number of errors with this fix applied: 97
NullAway found 1 number of fixes
13:04:40.583 [main] DEBUG o.o.j.ReloadableJava8ParserVisitor - Building AST for: /tmp/projects/gson/gson/src/main/java/com/google/gson/internal/LinkedTreeMap.java
[32mProcessing LinkedTreeMap                                     ?
[0mReceived 1 fixes and applied 1 number of fixes
Number of errors with this fix applied: 100
NullAway found 1 number of fixes
13:04:47.504 [main] DEBUG o.o.j.ReloadableJava8ParserVisitor - Building AST for: /tmp/projects/gson/gson/src/main/java/com/google/gson/internal/LinkedTreeMap.java
[32mProcessing Node                                              ?
[0mReceived 1 fixes and applied 1 number of fixes
Number of errors with this fix applied: 98
NullAway found 1 number of fixes
13:04:53.788 [main] DEBUG o.o.j.ReloadableJava8ParserVisitor - Building AST for: /tmp/projects/gson/gson/src/main/java/com/google/gson/internal/LinkedTreeMap.java
[32mProcessing Node                                              ?
[0mReceived 1 fixes and applied 1 number of fixes
Number of errors with this fix applied: 98
NullAway found 1 number of fixes
13:05:00.356 [main] DEBUG o.o.j.ReloadableJava8ParserVisitor - Building AST for: /tmp/projects/gson/gson/src/main/java/com/google/gson/internal/LinkedTreeMap.java
[32mProcessing LinkedTreeMap                                     ?
[0mReceived 1 fixes and applied 1 number of fixes
Number of errors with this fix applied: 98
NullAway found 1 number of fixes
13:05:06.761 [main] DEBUG o.o.j.ReloadableJava8ParserVisitor - Building AST for: /tmp/projects/gson/gson/src/main/java/com/google/gson/internal/LinkedTreeMap.java
[32mProcessing Node                                              ?
[0mReceived 1 fixes and applied 1 number of fixes
Number of errors with this fix applied: 101
NullAway found 1 number of fixes
13:05:13.178 [main] DEBUG o.o.j.ReloadableJava8ParserVisitor - Building AST for: /tmp/projects/gson/gson/src/main/java/com/google/gson/stream/JsonReader.java
[32mProcessing JsonReader                                        ?
[0mReceived 1 fixes and applied 1 number of fixes
Number of errors with this fix applied: 103
NullAway found 1 number of fixes
13:05:19.554 [main] DEBUG o.o.j.ReloadableJava8ParserVisitor - Building AST for: /tmp/projects/gson/gson/src/main/java/com/google/gson/internal/Streams.java
[32mProcessing Streams                                           ?
[0mReceived 1 fixes and applied 1 number of fixes
Number of errors with this fix applied: 99
NullAway found 1 number of fixes
13:05:25.849 [main] DEBUG o.o.j.ReloadableJava8ParserVisitor - Building AST for: /tmp/projects/gson/gson/src/main/java/com/google/gson/internal/Streams.java
[32mProcessing CurrentWrite                                      ?
[0mReceived 1 fixes and applied 1 number of fixes
Number of errors with this fix applied: 98
NullAway found 1 number of fixes
13:05:32.214 [main] DEBUG o.o.j.ReloadableJava8ParserVisitor - Building AST for: /tmp/projects/gson/gson/src/main/java/com/google/gson/internal/LinkedHashTreeMap.java
[32mProcessing Node                                              ?
[0mReceived 1 fixes and applied 1 number of fixes
Number of errors with this fix applied: 99
NullAway found 1 number of fixes
13:05:38.491 [main] DEBUG o.o.j.ReloadableJava8ParserVisitor - Building AST for: /tmp/projects/gson/gson/src/main/java/com/google/gson/internal/LinkedHashTreeMap.java
[32mProcessing Node                                              ?
[0mReceived 1 fixes and applied 1 number of fixes
Number of errors with this fix applied: 98
NullAway found 1 number of fixes
13:05:44.839 [main] DEBUG o.o.j.ReloadableJava8ParserVisitor - Building AST for: /tmp/projects/gson/gson/src/main/java/com/google/gson/internal/LinkedHashTreeMap.java
[32mProcessing Node                                              ?
[0mReceived 1 fixes and applied 1 number of fixes
Number of errors with this fix applied: 99
NullAway found 1 number of fixes
13:05:51.021 [main] DEBUG o.o.j.ReloadableJava8ParserVisitor - Building AST for: /tmp/projects/gson/gson/src/main/java/com/google/gson/internal/LinkedHashTreeMap.java
[32mProcessing Node                                              ?
[0mReceived 1 fixes and applied 1 number of fixes
Number of errors with this fix applied: 100
NullAway found 1 number of fixes
13:05:57.261 [main] DEBUG o.o.j.ReloadableJava8ParserVisitor - Building AST for: /tmp/projects/gson/gson/src/main/java/com/google/gson/TypeAdapter.java
[32mProcessing TypeAdapter                                       ?
[0mReceived 1 fixes and applied 1 number of fixes
Number of errors with this fix applied: 96
NullAway found 1 number of fixes
13:06:03.381 [main] DEBUG o.o.j.ReloadableJava8ParserVisitor - Building AST for: /tmp/projects/gson/gson/src/main/java/com/google/gson/Gson.java
[32mProcessing Gson                                              ?
[0mReceived 1 fixes and applied 1 number of fixes
Number of errors with this fix applied: 98
NullAway found 1 number of fixes
13:06:09.590 [main] DEBUG o.o.j.ReloadableJava8ParserVisitor - Building AST for: /tmp/projects/gson/gson/src/main/java/com/google/gson/internal/bind/TreeTypeAdapter.java
[32mProcessing TreeTypeAdapter                                   ?
[0mReceived 1 fixes and applied 1 number of fixes
Number of errors with this fix applied: 99
Number of received arguments: 2
Actual Arguments: [apply, /tmp/NullAwayFix/cleaned.json]
Building Injector...
built.
Injecting...
FILE PATH IS: /tmp/NullAwayFix/cleaned.json
NullAway found 1 number of fixes
13:06:16.616 [main] DEBUG o.o.j.ReloadableJava8ParserVisitor - Building AST for: /tmp/projects/gson/gson/src/main/java/com/google/gson/TypeAdapter.java
[32mProcessing TypeAdapter                                       ?
[0mReceived 1 fixes and applied 1 number of fixes
Finished
Number of received arguments: 4
Actual Arguments: [diagnose, /tmp/NullAwayFix, cd /tmp/projects/gson && ./gradlew build -x test, true]
Diagnose Started...
Requesting preparation
Preparing project: true
Executing command: cd /tmp/projects/gson && ./gradlew build -x test
Requested command: cd /tmp/projects/gson && ./gradlew build -x test
Finished.
Deleted old diagnose file.
Making new diagnose.json.
Executing command: cp /tmp/NullAwayFix/fixes.json /tmp/NullAwayFix/diagnose.json
Requested command: cp /tmp/NullAwayFix/fixes.json /tmp/NullAwayFix/diagnose.json
Finished.
Made.
Preparation done
Build command: cd /tmp/projects/gson && ./gradlew build -x test
FILE PATH IS: /tmp/NullAwayFix/diagnose.json
Number of errors with this fix applied: 96
NullAway found 1 number of fixes
13:06:30.343 [main] DEBUG o.o.j.ReloadableJava8ParserVisitor - Building AST for: /tmp/projects/gson/gson/src/main/java/com/google/gson/internal/LinkedTreeMap.java
[32mProcessing LinkedTreeMap                                     ?
[0mReceived 1 fixes and applied 1 number of fixes
Number of errors with this fix applied: 99
NullAway found 1 number of fixes
13:06:37.127 [main] DEBUG o.o.j.ReloadableJava8ParserVisitor - Building AST for: /tmp/projects/gson/gson/src/main/java/com/google/gson/internal/LinkedTreeMap.java
[32mProcessing Node                                              ?
[0mReceived 1 fixes and applied 1 number of fixes
Number of errors with this fix applied: 97
NullAway found 1 number of fixes
13:06:43.656 [main] DEBUG o.o.j.ReloadableJava8ParserVisitor - Building AST for: /tmp/projects/gson/gson/src/main/java/com/google/gson/internal/LinkedTreeMap.java
[32mProcessing Node                                              ?
[0mReceived 1 fixes and applied 1 number of fixes
Number of errors with this fix applied: 97
NullAway found 1 number of fixes
13:06:50.029 [main] DEBUG o.o.j.ReloadableJava8ParserVisitor - Building AST for: /tmp/projects/gson/gson/src/main/java/com/google/gson/internal/LinkedTreeMap.java
[32mProcessing LinkedTreeMap                                     ?
[0mReceived 1 fixes and applied 1 number of fixes
Number of errors with this fix applied: 97
NullAway found 1 number of fixes
13:06:56.457 [main] DEBUG o.o.j.ReloadableJava8ParserVisitor - Building AST for: /tmp/projects/gson/gson/src/main/java/com/google/gson/internal/LinkedTreeMap.java
[32mProcessing Node                                              ?
[0mReceived 1 fixes and applied 1 number of fixes
Number of errors with this fix applied: 100
NullAway found 1 number of fixes
13:07:03.080 [main] DEBUG o.o.j.ReloadableJava8ParserVisitor - Building AST for: /tmp/projects/gson/gson/src/main/java/com/google/gson/stream/JsonReader.java
[32mProcessing JsonReader                                        ?
[0mReceived 1 fixes and applied 1 number of fixes
Number of errors with this fix applied: 102
NullAway found 1 number of fixes
13:07:09.603 [main] DEBUG o.o.j.ReloadableJava8ParserVisitor - Building AST for: /tmp/projects/gson/gson/src/main/java/com/google/gson/internal/Streams.java
[32mProcessing Streams                                           ?
[0mReceived 1 fixes and applied 1 number of fixes
Number of errors with this fix applied: 98
NullAway found 1 number of fixes
13:07:15.851 [main] DEBUG o.o.j.ReloadableJava8ParserVisitor - Building AST for: /tmp/projects/gson/gson/src/main/java/com/google/gson/internal/Streams.java
[32mProcessing CurrentWrite                                      ?
[0mReceived 1 fixes and applied 1 number of fixes
Number of errors with this fix applied: 97
NullAway found 1 number of fixes
13:07:22.175 [main] DEBUG o.o.j.ReloadableJava8ParserVisitor - Building AST for: /tmp/projects/gson/gson/src/main/java/com/google/gson/internal/LinkedHashTreeMap.java
[32mProcessing Node                                              ?
[0mReceived 1 fixes and applied 1 number of fixes
Number of errors with this fix applied: 98
NullAway found 1 number of fixes
13:07:28.518 [main] DEBUG o.o.j.ReloadableJava8ParserVisitor - Building AST for: /tmp/projects/gson/gson/src/main/java/com/google/gson/internal/LinkedHashTreeMap.java
[32mProcessing Node                                              ?
[0mReceived 1 fixes and applied 1 number of fixes
Number of errors with this fix applied: 97
NullAway found 1 number of fixes
13:07:34.919 [main] DEBUG o.o.j.ReloadableJava8ParserVisitor - Building AST for: /tmp/projects/gson/gson/src/main/java/com/google/gson/internal/LinkedHashTreeMap.java
[32mProcessing Node                                              ?
[0mReceived 1 fixes and applied 1 number of fixes
Number of errors with this fix applied: 98
NullAway found 1 number of fixes
13:07:41.225 [main] DEBUG o.o.j.ReloadableJava8ParserVisitor - Building AST for: /tmp/projects/gson/gson/src/main/java/com/google/gson/internal/LinkedHashTreeMap.java
[32mProcessing Node                                              ?
[0mReceived 1 fixes and applied 1 number of fixes
Number of errors with this fix applied: 99
NullAway found 1 number of fixes
13:07:47.634 [main] DEBUG o.o.j.ReloadableJava8ParserVisitor - Building AST for: /tmp/projects/gson/gson/src/main/java/com/google/gson/Gson.java
[32mProcessing Gson                                              ?
[0mReceived 1 fixes and applied 1 number of fixes
Number of errors with this fix applied: 97
NullAway found 1 number of fixes
13:07:54.006 [main] DEBUG o.o.j.ReloadableJava8ParserVisitor - Building AST for: /tmp/projects/gson/gson/src/main/java/com/google/gson/internal/bind/TreeTypeAdapter.java
[32mProcessing TreeTypeAdapter                                   ?
[0mReceived 1 fixes and applied 1 number of fixes
Number of errors with this fix applied: 98
Number of received arguments: 2
Actual Arguments: [apply, /tmp/NullAwayFix/cleaned.json]
Building Injector...
built.
Injecting...
FILE PATH IS: /tmp/NullAwayFix/cleaned.json
NullAway found 0 number of fixes
Received 0 fixes and applied 0 number of fixes
Finished
Cleaning...
Finished.
Executing loop command
Executing (optimized) diagnose task...
Started diagnose task...
Making build command for project...
Detected build command: "cd /tmp/projects/gson && ./gradlew build -x test"
Diagnosing...
Finsihed.
Diagnsoe task finished, applying effective fixes...
Analyzing diagnose report...
Selecting effective fixes...
Selected effective fixes.
Applying fixes at location: /tmp/NullAwayFix/cleaned.json
Applied.
Adding diagnosed fixes to history.
Fished adding diagnosed fixes to history.
Getting ready for next round...
Executing (optimized) diagnose task...
Started diagnose task...
Making build command for project...
Detected build command: "cd /tmp/projects/gson && ./gradlew build -x test"
Diagnosing...
Finsihed.
Diagnsoe task finished, applying effective fixes...
Analyzing diagnose report...
Selecting effective fixes...
Selected effective fixes.
Applying fixes at location: /tmp/NullAwayFix/cleaned.json
Applied.
Adding diagnosed fixes to history.
Fished adding diagnosed fixes to history.
Getting ready for next round...
Executing (optimized) diagnose task...
Started diagnose task...
Making build command for project...
Detected build command: "cd /tmp/projects/gson && ./gradlew build -x test"
Diagnosing...
Finsihed.
Diagnsoe task finished, applying effective fixes...
Analyzing diagnose report...
Selecting effective fixes...
Selected effective fixes.
Applying fixes at location: /tmp/NullAwayFix/cleaned.json
Applied.
Adding diagnosed fixes to history.
Fished adding diagnosed fixes to history.
Getting ready for next round...
Executing (optimized) diagnose task...
Started diagnose task...
Making build command for project...
Detected build command: "cd /tmp/projects/gson && ./gradlew build -x test"
Diagnosing...
Finsihed.
Diagnsoe task finished, applying effective fixes...
Analyzing diagnose report...
Selecting effective fixes...
Selected effective fixes.
Applying fixes at location: /tmp/NullAwayFix/cleaned.json
Applied.
Adding diagnosed fixes to history.
Fished adding diagnosed fixes to history.
Getting ready for next round...
Executing (optimized) diagnose task...
Started diagnose task...
Making build command for project...
Detected build command: "cd /tmp/projects/gson && ./gradlew build -x test"
Diagnosing...
Finsihed.
Diagnsoe task finished, applying effective fixes...
Analyzing diagnose report...
Selecting effective fixes...
Selected effective fixes.
Applying fixes at location: /tmp/NullAwayFix/cleaned.json
Applied.
Adding diagnosed fixes to history.
Fished adding diagnosed fixes to history.
No changes, shutting down.
Cleaning...
Finished.
