Number of received arguments: 2
Actual Arguments: [apply, /tmp/NullAwayFix/init_methods.json]
Building Injector...
built.
Injecting...
FILE PATH IS: /tmp/NullAwayFix/init_methods.json
NullAway found 7 number of fixes
12:50:43.824 [main] DEBUG o.o.j.ReloadableJava8ParserVisitor - Building AST for: /tmp/projects/gson/gson/src/main/java/com/google/gson/internal/LinkedTreeMap.java
[32mProcessing Node                                              ?
[0m12:50:44.473 [main] DEBUG o.o.j.ReloadableJava8ParserVisitor - Building AST for: /tmp/projects/gson/gson/src/main/java/com/google/gson/stream/JsonWriter.java
[32mProcessing JsonWriter                                        ?
[0m12:50:44.811 [main] DEBUG o.o.j.ReloadableJava8ParserVisitor - Building AST for: /tmp/projects/gson/gson/src/main/java/com/google/gson/internal/LinkedHashTreeMap.java
[32mProcessing Node                                              ?
[0m12:50:45.259 [main] DEBUG o.o.j.ReloadableJava8ParserVisitor - Building AST for: /tmp/projects/gson/gson/src/main/java/com/google/gson/Gson.java
[32mProcessing FutureTypeAdapter                                 ?
[0m12:50:45.679 [main] DEBUG o.o.j.ReloadableJava8ParserVisitor - Building AST for: /tmp/projects/gson/gson/src/main/java/com/google/gson/GsonBuilder.java
[32mProcessing GsonBuilder                                       ?
[0mReceived 7 fixes and applied 7 number of fixes
Finished
Started preprocessing task...
Removing old files...
Removed.
Building project...
cd /tmp/projects/gson && ./gradlew build -x test
Built.
Analyzing suggested fixes...
Deecting uninitialized class fields...
found 31fields.
Analyzing method infos...
Selecting appropriate method for each class field...
Analyzing class field: root
Analyzing class field: entrySet
Analyzing class field: keySet
Analyzing class field: parent
Selected method: Node(com.google.gson.internal.LinkedTreeMap.Node<K,V>,K,com.google.gson.internal.LinkedTreeMap.Node<K,V>,com.google.gson.internal.LinkedTreeMap.Node<K,V>)
Analyzing class field: left
Analyzing class field: right
Analyzing class field: value
Analyzing class field: left
Analyzing class field: right
Analyzing class field: value
Analyzing class field: peekedString
Analyzing class field: chars
Analyzing class field: indent
Selected method: newline()
Analyzing class field: deferredName
Selected method: name(java.lang.String)
Analyzing class field: entrySet
Analyzing class field: keySet
Analyzing class field: parent
Selected method: Node(com.google.gson.internal.LinkedHashTreeMap.Node<K,V>,K,int,com.google.gson.internal.LinkedHashTreeMap.Node<K,V>,com.google.gson.internal.LinkedHashTreeMap.Node<K,V>)
Analyzing class field: left
Analyzing class field: right
Analyzing class field: value
Analyzing class field: left
Analyzing class field: right
Analyzing class field: value
Analyzing class field: stackTop
Analyzing class field: stack
Selected method: add(com.google.gson.internal.LinkedHashTreeMap.Node<K,V>)
Analyzing class field: INSTANCE
Analyzing class field: delegate
Selected method: setDelegate(com.google.gson.TypeAdapter<T>)
Analyzing class field: datePattern
Selected method: GsonBuilder(com.google.gson.Gson)
Analyzing class field: delegate
Analyzing class field: pendingName
Analyzing class field: unsafeClass
Finished detecting methods.
Passing to injector to annotate...
Annotated.
Finished.
