Number of received arguments: 4
Actual Arguments: [diagnose, /tmp/NullAwayFix, cd /tmp/projects/EventBus && ./gradlew build -x test, true]
Diagnose Started...
Requesting preparation
Preparing project: true
Executing command: cd /tmp/projects/EventBus && ./gradlew build -x test
Requested command: cd /tmp/projects/EventBus && ./gradlew build -x test
Finished.
Deleted old diagnose file.
Making new diagnose.json.
Executing command: cp /tmp/NullAwayFix/fixes.json /tmp/NullAwayFix/diagnose.json
Requested command: cp /tmp/NullAwayFix/fixes.json /tmp/NullAwayFix/diagnose.json
Finished.
Made.
Preparation done
Build command: cd /tmp/projects/EventBus && ./gradlew build -x test
FILE PATH IS: /tmp/NullAwayFix/diagnose.json
Number of errors with this fix applied: 42
NullAway found 1 number of fixes
12:44:10.053 [main] DEBUG o.o.j.ReloadableJava8ParserVisitor - Building AST for: /tmp/projects/EventBus/EventBus/src/org/greenrobot/eventbus/PendingPostQueue.java
[32mProcessing PendingPostQueue                                  ?
[0mReceived 1 fixes and applied 1 number of fixes
Number of errors with this fix applied: 41
NullAway found 1 number of fixes
12:44:15.656 [main] DEBUG o.o.j.ReloadableJava8ParserVisitor - Building AST for: /tmp/projects/EventBus/EventBus/src/org/greenrobot/eventbus/EventBus.java
[32mProcessing EventBus                                          ?
[0mReceived 1 fixes and applied 1 number of fixes
Number of errors with this fix applied: 41
NullAway found 1 number of fixes
12:44:21.036 [main] DEBUG o.o.j.ReloadableJava8ParserVisitor - Building AST for: /tmp/projects/EventBus/EventBus/src/org/greenrobot/eventbus/EventBus.java
[32mProcessing EventBus                                          ?
[0mReceived 1 fixes and applied 1 number of fixes
Number of errors with this fix applied: 41
NullAway found 1 number of fixes
12:44:26.326 [main] DEBUG o.o.j.ReloadableJava8ParserVisitor - Building AST for: /tmp/projects/EventBus/EventBus/src/org/greenrobot/eventbus/EventBus.java
[32mProcessing PostingThreadState                                ?
[0mReceived 1 fixes and applied 1 number of fixes
Number of errors with this fix applied: 40
NullAway found 1 number of fixes
12:44:31.484 [main] DEBUG o.o.j.ReloadableJava8ParserVisitor - Building AST for: /tmp/projects/EventBus/EventBus/src/org/greenrobot/eventbus/EventBus.java
[32mProcessing PostingThreadState                                ?
[0mReceived 1 fixes and applied 1 number of fixes
Number of errors with this fix applied: 41
NullAway found 1 number of fixes
12:44:36.567 [main] DEBUG o.o.j.ReloadableJava8ParserVisitor - Building AST for: /tmp/projects/EventBus/EventBus/src/org/greenrobot/eventbus/EventBusBuilder.java
[32mProcessing EventBusBuilder                                   ?
[0mReceived 1 fixes and applied 1 number of fixes
Number of errors with this fix applied: 41
NullAway found 1 number of fixes
12:44:41.319 [main] DEBUG o.o.j.ReloadableJava8ParserVisitor - Building AST for: /tmp/projects/EventBus/EventBus/src/org/greenrobot/eventbus/EventBusBuilder.java
[32mProcessing EventBusBuilder                                   ?
[0mReceived 1 fixes and applied 1 number of fixes
Number of errors with this fix applied: 41
NullAway found 1 number of fixes
12:44:46.171 [main] DEBUG o.o.j.ReloadableJava8ParserVisitor - Building AST for: /tmp/projects/EventBus/EventBus/src/org/greenrobot/eventbus/SubscriberMethodFinder.java
[32mProcessing SubscriberMethodFinder                            ?
[0mReceived 1 fixes and applied 1 number of fixes
Number of errors with this fix applied: 42
NullAway found 1 number of fixes
12:44:51.269 [main] DEBUG o.o.j.ReloadableJava8ParserVisitor - Building AST for: /tmp/projects/EventBus/EventBus/src/org/greenrobot/eventbus/SubscriberMethodFinder.java
[32mProcessing FindState                                         ?
[0mReceived 1 fixes and applied 1 number of fixes
Number of errors with this fix applied: 39
NullAway found 1 number of fixes
12:44:56.326 [main] DEBUG o.o.j.ReloadableJava8ParserVisitor - Building AST for: /tmp/projects/EventBus/EventBus/src/org/greenrobot/eventbus/SubscriberMethodFinder.java
[32mProcessing FindState                                         ?
[0mReceived 1 fixes and applied 1 number of fixes
Number of errors with this fix applied: 41
NullAway found 1 number of fixes
12:45:01.266 [main] DEBUG o.o.j.ReloadableJava8ParserVisitor - Building AST for: /tmp/projects/EventBus/EventBus/src/org/greenrobot/eventbus/SubscriberMethodFinder.java
[32mProcessing FindState                                         ?
[0mReceived 1 fixes and applied 1 number of fixes
Number of errors with this fix applied: 44
NullAway found 1 number of fixes
12:45:06.146 [main] DEBUG o.o.j.ReloadableJava8ParserVisitor - Building AST for: /tmp/projects/EventBus/EventBus/src/org/greenrobot/eventbus/Logger.java
[32mProcessing Default                                           ?
[0mReceived 1 fixes and applied 1 number of fixes
Number of errors with this fix applied: 41
NullAway found 1 number of fixes
12:45:10.882 [main] DEBUG o.o.j.ReloadableJava8ParserVisitor - Building AST for: /tmp/projects/EventBus/EventBus/src/org/greenrobot/eventbus/PendingPost.java
[32mProcessing PendingPost                                       ?
[0mReceived 1 fixes and applied 1 number of fixes
Number of errors with this fix applied: 40
NullAway found 1 number of fixes
12:45:15.546 [main] DEBUG o.o.j.ReloadableJava8ParserVisitor - Building AST for: /tmp/projects/EventBus/EventBus/src/org/greenrobot/eventbus/PendingPost.java
[32mProcessing PendingPost                                       ?
[0mReceived 1 fixes and applied 1 number of fixes
Number of errors with this fix applied: 42
NullAway found 1 number of fixes
12:45:20.235 [main] DEBUG o.o.j.ReloadableJava8ParserVisitor - Building AST for: /tmp/projects/EventBus/EventBus/src/org/greenrobot/eventbus/PendingPost.java
[32mProcessing PendingPost                                       ?
[0mReceived 1 fixes and applied 1 number of fixes
Number of errors with this fix applied: 42
NullAway found 1 number of fixes
12:45:24.987 [main] DEBUG o.o.j.ReloadableJava8ParserVisitor - Building AST for: /tmp/projects/EventBus/EventBus/src/org/greenrobot/eventbus/util/ThrowableFailureEvent.java
[32mProcessing ThrowableFailureEvent                             ?
[0mReceived 1 fixes and applied 1 number of fixes
Number of errors with this fix applied: 41
NullAway found 1 number of fixes
12:45:29.610 [main] DEBUG o.o.j.ReloadableJava8ParserVisitor - Building AST for: /tmp/projects/EventBus/EventBus/src/org/greenrobot/eventbus/util/ErrorDialogManager.java
[32mProcessing ErrorDialogManager                                ?
[0mReceived 1 fixes and applied 1 number of fixes
Number of errors with this fix applied: 48
NullAway found 1 number of fixes
12:45:34.393 [main] DEBUG o.o.j.ReloadableJava8ParserVisitor - Building AST for: /tmp/projects/EventBus/EventBus/src/org/greenrobot/eventbus/util/ErrorDialogManager.java
[32mProcessing SupportManagerFragment                            ?
[0mReceived 1 fixes and applied 1 number of fixes
Number of errors with this fix applied: 43
NullAway found 1 number of fixes
12:45:39.127 [main] DEBUG o.o.j.ReloadableJava8ParserVisitor - Building AST for: /tmp/projects/EventBus/EventBus/src/org/greenrobot/eventbus/util/ErrorDialogManager.java
[32mProcessing SupportManagerFragment                            ?
[0mReceived 1 fixes and applied 1 number of fixes
Number of errors with this fix applied: 43
NullAway found 1 number of fixes
12:45:43.817 [main] DEBUG o.o.j.ReloadableJava8ParserVisitor - Building AST for: /tmp/projects/EventBus/EventBus/src/org/greenrobot/eventbus/util/ErrorDialogManager.java
[32mProcessing HoneycombManagerFragment                          ?
[0mReceived 1 fixes and applied 1 number of fixes
Number of errors with this fix applied: 42
NullAway found 1 number of fixes
12:45:48.561 [main] DEBUG o.o.j.ReloadableJava8ParserVisitor - Building AST for: /tmp/projects/EventBus/EventBus/src/org/greenrobot/eventbus/util/ErrorDialogManager.java
[32mProcessing HoneycombManagerFragment                          ?
[0mReceived 1 fixes and applied 1 number of fixes
Number of errors with this fix applied: 42
NullAway found 1 number of fixes
12:45:53.233 [main] DEBUG o.o.j.ReloadableJava8ParserVisitor - Building AST for: /tmp/projects/EventBus/EventBus/src/org/greenrobot/eventbus/util/ErrorDialogManager.java
[32mProcessing HoneycombManagerFragment                          ?
[0mReceived 1 fixes and applied 1 number of fixes
Number of errors with this fix applied: 42
NullAway found 1 number of fixes
12:45:57.961 [main] DEBUG o.o.j.ReloadableJava8ParserVisitor - Building AST for: /tmp/projects/EventBus/EventBus/src/org/greenrobot/eventbus/util/ErrorDialogManager.java
[32mProcessing ErrorDialogManager                                ?
[0mReceived 1 fixes and applied 1 number of fixes
Number of errors with this fix applied: 41
NullAway found 1 number of fixes
12:46:02.758 [main] DEBUG o.o.j.ReloadableJava8ParserVisitor - Building AST for: /tmp/projects/EventBus/EventBus/src/org/greenrobot/eventbus/util/ErrorDialogFragmentFactory.java
[32mProcessing ErrorDialogFragmentFactory                        ?
[0mReceived 1 fixes and applied 1 number of fixes
Number of errors with this fix applied: 41
NullAway found 1 number of fixes
12:46:07.459 [main] DEBUG o.o.j.ReloadableJava8ParserVisitor - Building AST for: /tmp/projects/EventBus/EventBus/src/org/greenrobot/eventbus/util/ExceptionToResourceMapping.java
[32mProcessing ExceptionToResourceMapping                        ?
[0mReceived 1 fixes and applied 1 number of fixes
Number of errors with this fix applied: 41
NullAway found 1 number of fixes
12:46:12.244 [main] DEBUG o.o.j.ReloadableJava8ParserVisitor - Building AST for: /tmp/projects/EventBus/EventBus/src/org/greenrobot/eventbus/util/ExceptionToResourceMapping.java
[32mProcessing ExceptionToResourceMapping                        ?
[0mReceived 1 fixes and applied 1 number of fixes
Number of errors with this fix applied: 41
NullAway found 1 number of fixes
12:46:17.038 [main] DEBUG o.o.j.ReloadableJava8ParserVisitor - Building AST for: /tmp/projects/EventBus/EventBus/src/org/greenrobot/eventbus/util/AsyncExecutor.java
[32mProcessing Builder                                           ?
[0mReceived 1 fixes and applied 1 number of fixes
Number of errors with this fix applied: 42
NullAway found 1 number of fixes
12:46:21.807 [main] DEBUG o.o.j.ReloadableJava8ParserVisitor - Building AST for: /tmp/projects/EventBus/EventBus/src/org/greenrobot/eventbus/util/ErrorDialogFragments.java
[32mProcessing ErrorDialogFragments                              ?
[0mReceived 1 fixes and applied 1 number of fixes
Number of errors with this fix applied: 41
NullAway found 1 number of fixes
12:46:26.554 [main] DEBUG o.o.j.ReloadableJava8ParserVisitor - Building AST for: /tmp/projects/EventBus/EventBus/src/org/greenrobot/eventbus/meta/AbstractSubscriberInfo.java
[32mProcessing AbstractSubscriberInfo                            ?
[0mReceived 1 fixes and applied 1 number of fixes
Number of errors with this fix applied: 42
NullAway found 1 number of fixes
12:46:31.256 [main] DEBUG o.o.j.ReloadableJava8ParserVisitor - Building AST for: /tmp/projects/EventBus/EventBus/src/org/greenrobot/eventbus/meta/AbstractSubscriberInfo.java
[32mProcessing AbstractSubscriberInfo                            ?
[0mReceived 1 fixes and applied 1 number of fixes
Number of errors with this fix applied: 43
Number of received arguments: 2
Actual Arguments: [apply, /tmp/NullAwayFix/cleaned.json]
Building Injector...
built.
Injecting...
FILE PATH IS: /tmp/NullAwayFix/cleaned.json
NullAway found 25 number of fixes
12:46:36.885 [main] DEBUG o.o.j.ReloadableJava8ParserVisitor - Building AST for: /tmp/projects/EventBus/EventBus/src/org/greenrobot/eventbus/util/ErrorDialogManager.java
[32mProcessing HoneycombManagerFragment                          ?
[0m12:46:37.364 [main] DEBUG o.o.j.ReloadableJava8ParserVisitor - Building AST for: /tmp/projects/EventBus/EventBus/src/org/greenrobot/eventbus/PendingPost.java
[32mProcessing PendingPost                                       ?
[0m12:46:37.429 [main] DEBUG o.o.j.ReloadableJava8ParserVisitor - Building AST for: /tmp/projects/EventBus/EventBus/src/org/greenrobot/eventbus/util/AsyncExecutor.java
[32mProcessing Builder                                           ?
[0m12:46:37.534 [main] DEBUG o.o.j.ReloadableJava8ParserVisitor - Building AST for: /tmp/projects/EventBus/EventBus/src/org/greenrobot/eventbus/meta/AbstractSubscriberInfo.java
[32mProcessing AbstractSubscriberInfo                            ?
[0m12:46:37.687 [main] DEBUG o.o.j.ReloadableJava8ParserVisitor - Building AST for: /tmp/projects/EventBus/EventBus/src/org/greenrobot/eventbus/SubscriberMethodFinder.java
[32mProcessing SubscriberMethodFinder                            ?
[0m12:46:38.060 [main] DEBUG o.o.j.ReloadableJava8ParserVisitor - Building AST for: /tmp/projects/EventBus/EventBus/src/org/greenrobot/eventbus/EventBusBuilder.java
[32mProcessing EventBusBuilder                                   ?
[0m12:46:38.118 [main] DEBUG o.o.j.ReloadableJava8ParserVisitor - Building AST for: /tmp/projects/EventBus/EventBus/src/org/greenrobot/eventbus/util/ErrorDialogFragmentFactory.java
[32mProcessing ErrorDialogFragmentFactory                        ?
[0m12:46:38.158 [main] DEBUG o.o.j.ReloadableJava8ParserVisitor - Building AST for: /tmp/projects/EventBus/EventBus/src/org/greenrobot/eventbus/util/ErrorDialogFragments.java
[32mProcessing ErrorDialogFragments                              ?
[0m12:46:38.199 [main] DEBUG o.o.j.ReloadableJava8ParserVisitor - Building AST for: /tmp/projects/EventBus/EventBus/src/org/greenrobot/eventbus/Logger.java
[32mProcessing Default                                           ?
[0m12:46:38.353 [main] DEBUG o.o.j.ReloadableJava8ParserVisitor - Building AST for: /tmp/projects/EventBus/EventBus/src/org/greenrobot/eventbus/EventBus.java
[32mProcessing PostingThreadState                                ?
[0m12:46:38.642 [main] DEBUG o.o.j.ReloadableJava8ParserVisitor - Building AST for: /tmp/projects/EventBus/EventBus/src/org/greenrobot/eventbus/util/ThrowableFailureEvent.java
[32mProcessing ThrowableFailureEvent                             ?
[0m12:46:38.671 [main] DEBUG o.o.j.ReloadableJava8ParserVisitor - Building AST for: /tmp/projects/EventBus/EventBus/src/org/greenrobot/eventbus/util/ExceptionToResourceMapping.java
[32mProcessing ExceptionToResourceMapping                        ?
[0m12:46:38.718 [main] DEBUG o.o.j.ReloadableJava8ParserVisitor - Building AST for: /tmp/projects/EventBus/EventBus/src/org/greenrobot/eventbus/PendingPostQueue.java
[32mProcessing PendingPostQueue                                  ?
[0mReceived 25 fixes and applied 25 number of fixes
Finished
Number of received arguments: 4
Actual Arguments: [diagnose, /tmp/NullAwayFix, cd /tmp/projects/EventBus && ./gradlew build -x test, true]
Diagnose Started...
Requesting preparation
Preparing project: true
Executing command: cd /tmp/projects/EventBus && ./gradlew build -x test
Requested command: cd /tmp/projects/EventBus && ./gradlew build -x test
Finished.
Deleted old diagnose file.
Making new diagnose.json.
Executing command: cp /tmp/NullAwayFix/fixes.json /tmp/NullAwayFix/diagnose.json
Requested command: cp /tmp/NullAwayFix/fixes.json /tmp/NullAwayFix/diagnose.json
Finished.
Made.
Preparation done
Build command: cd /tmp/projects/EventBus && ./gradlew build -x test
FILE PATH IS: /tmp/NullAwayFix/diagnose.json
Number of errors with this fix applied: 20
NullAway found 1 number of fixes
12:46:48.751 [main] DEBUG o.o.j.ReloadableJava8ParserVisitor - Building AST for: /tmp/projects/EventBus/EventBus/src/org/greenrobot/eventbus/PendingPostQueue.java
[32mProcessing PendingPostQueue                                  ?
[0mReceived 1 fixes and applied 1 number of fixes
Number of errors with this fix applied: 20
NullAway found 1 number of fixes
12:46:53.723 [main] DEBUG o.o.j.ReloadableJava8ParserVisitor - Building AST for: /tmp/projects/EventBus/EventBus/src/org/greenrobot/eventbus/EventBus.java
[32mProcessing EventBus                                          ?
[0mReceived 1 fixes and applied 1 number of fixes
Number of errors with this fix applied: 20
NullAway found 1 number of fixes
12:46:58.833 [main] DEBUG o.o.j.ReloadableJava8ParserVisitor - Building AST for: /tmp/projects/EventBus/EventBus/src/org/greenrobot/eventbus/SubscriberMethodFinder.java
[32mProcessing FindState                                         ?
[0mReceived 1 fixes and applied 1 number of fixes
Number of errors with this fix applied: 22
NullAway found 1 number of fixes
12:47:03.721 [main] DEBUG o.o.j.ReloadableJava8ParserVisitor - Building AST for: /tmp/projects/EventBus/EventBus/src/org/greenrobot/eventbus/util/ThrowableFailureEvent.java
[32mProcessing ThrowableFailureEvent                             ?
[0mReceived 1 fixes and applied 1 number of fixes
Number of errors with this fix applied: 20
NullAway found 1 number of fixes
12:47:08.349 [main] DEBUG o.o.j.ReloadableJava8ParserVisitor - Building AST for: /tmp/projects/EventBus/EventBus/src/org/greenrobot/eventbus/util/ErrorDialogManager.java
[32mProcessing ErrorDialogManager                                ?
[0mReceived 1 fixes and applied 1 number of fixes
Number of errors with this fix applied: 26
NullAway found 1 number of fixes
12:47:12.926 [main] DEBUG o.o.j.ReloadableJava8ParserVisitor - Building AST for: /tmp/projects/EventBus/EventBus/src/org/greenrobot/eventbus/util/ErrorDialogManager.java
[32mProcessing SupportManagerFragment                            ?
[0mReceived 1 fixes and applied 1 number of fixes
Number of errors with this fix applied: 21
NullAway found 1 number of fixes
12:47:17.606 [main] DEBUG o.o.j.ReloadableJava8ParserVisitor - Building AST for: /tmp/projects/EventBus/EventBus/src/org/greenrobot/eventbus/util/ErrorDialogManager.java
[32mProcessing SupportManagerFragment                            ?
[0mReceived 1 fixes and applied 1 number of fixes
Number of errors with this fix applied: 21
NullAway found 1 number of fixes
12:47:22.259 [main] DEBUG o.o.j.ReloadableJava8ParserVisitor - Building AST for: /tmp/projects/EventBus/EventBus/src/org/greenrobot/eventbus/util/ErrorDialogManager.java
[32mProcessing ErrorDialogManager                                ?
[0mReceived 1 fixes and applied 1 number of fixes
Number of errors with this fix applied: 19
NullAway found 1 number of fixes
12:47:26.800 [main] DEBUG o.o.j.ReloadableJava8ParserVisitor - Building AST for: /tmp/projects/EventBus/EventBus/src/org/greenrobot/eventbus/util/ErrorDialogManager.java
[32mProcessing ErrorDialogManager                                ?
[0mReceived 1 fixes and applied 1 number of fixes
Number of errors with this fix applied: 21
NullAway found 1 number of fixes
12:47:31.410 [main] DEBUG o.o.j.ReloadableJava8ParserVisitor - Building AST for: /tmp/projects/EventBus/EventBus/src/org/greenrobot/eventbus/util/ErrorDialogFragmentFactory.java
[32mProcessing ErrorDialogFragmentFactory                        ?
[0mReceived 1 fixes and applied 1 number of fixes
Number of errors with this fix applied: 19
NullAway found 1 number of fixes
12:47:35.915 [main] DEBUG o.o.j.ReloadableJava8ParserVisitor - Building AST for: /tmp/projects/EventBus/EventBus/src/org/greenrobot/eventbus/util/AsyncExecutor.java
[32mProcessing AsyncExecutor                                     ?
[0mReceived 1 fixes and applied 1 number of fixes
Number of errors with this fix applied: 21
NullAway found 1 number of fixes
12:47:40.431 [main] DEBUG o.o.j.ReloadableJava8ParserVisitor - Building AST for: /tmp/projects/EventBus/EventBus/src/org/greenrobot/eventbus/meta/SubscriberInfo.java
[32mProcessing SubscriberInfo                                    ?
[0mReceived 1 fixes and applied 1 number of fixes
Number of errors with this fix applied: 19
NullAway found 1 number of fixes
12:47:44.915 [main] DEBUG o.o.j.ReloadableJava8ParserVisitor - Building AST for: /tmp/projects/EventBus/EventBus/src/org/greenrobot/eventbus/meta/AbstractSubscriberInfo.java
[32mProcessing AbstractSubscriberInfo                            ?
[0mReceived 1 fixes and applied 1 number of fixes
Number of errors with this fix applied: 21
Number of received arguments: 2
Actual Arguments: [apply, /tmp/NullAwayFix/cleaned.json]
Building Injector...
built.
Injecting...
FILE PATH IS: /tmp/NullAwayFix/cleaned.json
NullAway found 6 number of fixes
12:47:50.432 [main] DEBUG o.o.j.ReloadableJava8ParserVisitor - Building AST for: /tmp/projects/EventBus/EventBus/src/org/greenrobot/eventbus/PendingPostQueue.java
[32mProcessing PendingPostQueue                                  ?
[0m12:47:50.665 [main] DEBUG o.o.j.ReloadableJava8ParserVisitor - Building AST for: /tmp/projects/EventBus/EventBus/src/org/greenrobot/eventbus/util/ThrowableFailureEvent.java
[32mProcessing ThrowableFailureEvent                             ?
[0m12:47:50.971 [main] DEBUG o.o.j.ReloadableJava8ParserVisitor - Building AST for: /tmp/projects/EventBus/EventBus/src/org/greenrobot/eventbus/EventBus.java
[32mProcessing EventBus                                          ?
[0m12:47:51.346 [main] DEBUG o.o.j.ReloadableJava8ParserVisitor - Building AST for: /tmp/projects/EventBus/EventBus/src/org/greenrobot/eventbus/util/ErrorDialogManager.java
[32mProcessing ErrorDialogManager                                ?
[0m12:47:51.489 [main] DEBUG o.o.j.ReloadableJava8ParserVisitor - Building AST for: /tmp/projects/EventBus/EventBus/src/org/greenrobot/eventbus/util/ErrorDialogFragmentFactory.java
[32mProcessing ErrorDialogFragmentFactory                        ?
[0m12:47:51.532 [main] DEBUG o.o.j.ReloadableJava8ParserVisitor - Building AST for: /tmp/projects/EventBus/EventBus/src/org/greenrobot/eventbus/meta/SubscriberInfo.java
[32mProcessing SubscriberInfo                                    ?
[0mReceived 6 fixes and applied 6 number of fixes
Finished
Number of received arguments: 4
Actual Arguments: [diagnose, /tmp/NullAwayFix, cd /tmp/projects/EventBus && ./gradlew build -x test, true]
Diagnose Started...
Requesting preparation
Preparing project: true
Executing command: cd /tmp/projects/EventBus && ./gradlew build -x test
Requested command: cd /tmp/projects/EventBus && ./gradlew build -x test
Finished.
Deleted old diagnose file.
Making new diagnose.json.
Executing command: cp /tmp/NullAwayFix/fixes.json /tmp/NullAwayFix/diagnose.json
Requested command: cp /tmp/NullAwayFix/fixes.json /tmp/NullAwayFix/diagnose.json
Finished.
Made.
Preparation done
Build command: cd /tmp/projects/EventBus && ./gradlew build -x test
FILE PATH IS: /tmp/NullAwayFix/diagnose.json
Number of errors with this fix applied: 17
NullAway found 1 number of fixes
12:48:01.520 [main] DEBUG o.o.j.ReloadableJava8ParserVisitor - Building AST for: /tmp/projects/EventBus/EventBus/src/org/greenrobot/eventbus/PendingPostQueue.java
[32mProcessing PendingPostQueue                                  ?
[0mReceived 1 fixes and applied 1 number of fixes
Number of errors with this fix applied: 17
NullAway found 1 number of fixes
12:48:06.528 [main] DEBUG o.o.j.ReloadableJava8ParserVisitor - Building AST for: /tmp/projects/EventBus/EventBus/src/org/greenrobot/eventbus/EventBus.java
[32mProcessing EventBus                                          ?
[0mReceived 1 fixes and applied 1 number of fixes
Number of errors with this fix applied: 18
NullAway found 1 number of fixes
12:48:11.511 [main] DEBUG o.o.j.ReloadableJava8ParserVisitor - Building AST for: /tmp/projects/EventBus/EventBus/src/org/greenrobot/eventbus/SubscriberMethodFinder.java
[32mProcessing FindState                                         ?
[0mReceived 1 fixes and applied 1 number of fixes
Number of errors with this fix applied: 19
NullAway found 1 number of fixes
12:48:16.393 [main] DEBUG o.o.j.ReloadableJava8ParserVisitor - Building AST for: /tmp/projects/EventBus/EventBus/src/org/greenrobot/eventbus/util/HasExecutionScope.java
[32mProcessing HasExecutionScope                                 ?
[0mReceived 1 fixes and applied 1 number of fixes
Number of errors with this fix applied: 16
NullAway found 1 number of fixes
12:48:21.031 [main] DEBUG o.o.j.ReloadableJava8ParserVisitor - Building AST for: /tmp/projects/EventBus/EventBus/src/org/greenrobot/eventbus/util/ErrorDialogManager.java
[32mProcessing ErrorDialogManager                                ?
[0mReceived 1 fixes and applied 1 number of fixes
Number of errors with this fix applied: 23
NullAway found 1 number of fixes
12:48:25.645 [main] DEBUG o.o.j.ReloadableJava8ParserVisitor - Building AST for: /tmp/projects/EventBus/EventBus/src/org/greenrobot/eventbus/util/ErrorDialogManager.java
[32mProcessing SupportManagerFragment                            ?
[0mReceived 1 fixes and applied 1 number of fixes
Number of errors with this fix applied: 17
NullAway found 1 number of fixes
12:48:30.260 [main] DEBUG o.o.j.ReloadableJava8ParserVisitor - Building AST for: /tmp/projects/EventBus/EventBus/src/org/greenrobot/eventbus/util/ErrorDialogManager.java
[32mProcessing SupportManagerFragment                            ?
[0mReceived 1 fixes and applied 1 number of fixes
Number of errors with this fix applied: 17
NullAway found 1 number of fixes
12:48:34.751 [main] DEBUG o.o.j.ReloadableJava8ParserVisitor - Building AST for: /tmp/projects/EventBus/EventBus/src/org/greenrobot/eventbus/util/ErrorDialogManager.java
[32mProcessing ErrorDialogManager                                ?
[0mReceived 1 fixes and applied 1 number of fixes
Number of errors with this fix applied: 18
NullAway found 1 number of fixes
12:48:39.313 [main] DEBUG o.o.j.ReloadableJava8ParserVisitor - Building AST for: /tmp/projects/EventBus/EventBus/src/org/greenrobot/eventbus/util/AsyncExecutor.java
[32mProcessing AsyncExecutor                                     ?
[0mReceived 1 fixes and applied 1 number of fixes
Number of errors with this fix applied: 18
NullAway found 1 number of fixes
12:48:43.808 [main] DEBUG o.o.j.ReloadableJava8ParserVisitor - Building AST for: /tmp/projects/EventBus/EventBus/src/org/greenrobot/eventbus/meta/AbstractSubscriberInfo.java
[32mProcessing AbstractSubscriberInfo                            ?
[0mReceived 1 fixes and applied 1 number of fixes
Number of errors with this fix applied: 18
Number of received arguments: 2
Actual Arguments: [apply, /tmp/NullAwayFix/cleaned.json]
Building Injector...
built.
Injecting...
FILE PATH IS: /tmp/NullAwayFix/cleaned.json
NullAway found 4 number of fixes
12:48:49.149 [main] DEBUG o.o.j.ReloadableJava8ParserVisitor - Building AST for: /tmp/projects/EventBus/EventBus/src/org/greenrobot/eventbus/PendingPostQueue.java
[32mProcessing PendingPostQueue                                  ?
[0m12:48:49.459 [main] DEBUG o.o.j.ReloadableJava8ParserVisitor - Building AST for: /tmp/projects/EventBus/EventBus/src/org/greenrobot/eventbus/util/ErrorDialogManager.java
[32mProcessing SupportManagerFragment                            ?
[0m12:48:49.671 [main] DEBUG o.o.j.ReloadableJava8ParserVisitor - Building AST for: /tmp/projects/EventBus/EventBus/src/org/greenrobot/eventbus/util/HasExecutionScope.java
[32mProcessing HasExecutionScope                                 ?
[0mReceived 4 fixes and applied 4 number of fixes
Finished
Number of received arguments: 4
Actual Arguments: [diagnose, /tmp/NullAwayFix, cd /tmp/projects/EventBus && ./gradlew build -x test, true]
Diagnose Started...
Requesting preparation
Preparing project: true
Executing command: cd /tmp/projects/EventBus && ./gradlew build -x test
Requested command: cd /tmp/projects/EventBus && ./gradlew build -x test
Finished.
Deleted old diagnose file.
Making new diagnose.json.
Executing command: cp /tmp/NullAwayFix/fixes.json /tmp/NullAwayFix/diagnose.json
Requested command: cp /tmp/NullAwayFix/fixes.json /tmp/NullAwayFix/diagnose.json
Finished.
Made.
Preparation done
Build command: cd /tmp/projects/EventBus && ./gradlew build -x test
FILE PATH IS: /tmp/NullAwayFix/diagnose.json
Number of errors with this fix applied: 15
NullAway found 1 number of fixes
12:48:59.587 [main] DEBUG o.o.j.ReloadableJava8ParserVisitor - Building AST for: /tmp/projects/EventBus/EventBus/src/org/greenrobot/eventbus/PendingPostQueue.java
[32mProcessing PendingPostQueue                                  ?
[0mReceived 1 fixes and applied 1 number of fixes
Number of errors with this fix applied: 14
NullAway found 1 number of fixes
12:49:04.595 [main] DEBUG o.o.j.ReloadableJava8ParserVisitor - Building AST for: /tmp/projects/EventBus/EventBus/src/org/greenrobot/eventbus/EventBus.java
[32mProcessing EventBus                                          ?
[0mReceived 1 fixes and applied 1 number of fixes
Number of errors with this fix applied: 16
NullAway found 1 number of fixes
12:49:09.507 [main] DEBUG o.o.j.ReloadableJava8ParserVisitor - Building AST for: /tmp/projects/EventBus/EventBus/src/org/greenrobot/eventbus/SubscriberMethodFinder.java
[32mProcessing FindState                                         ?
[0mReceived 1 fixes and applied 1 number of fixes
Number of errors with this fix applied: 17
NullAway found 1 number of fixes
12:49:14.497 [main] DEBUG o.o.j.ReloadableJava8ParserVisitor - Building AST for: /tmp/projects/EventBus/EventBus/src/org/greenrobot/eventbus/util/ErrorDialogManager.java
[32mProcessing ErrorDialogManager                                ?
[0mReceived 1 fixes and applied 1 number of fixes
Number of errors with this fix applied: 21
NullAway found 1 number of fixes
12:49:19.068 [main] DEBUG o.o.j.ReloadableJava8ParserVisitor - Building AST for: /tmp/projects/EventBus/EventBus/src/org/greenrobot/eventbus/util/ErrorDialogManager.java
[32mProcessing ErrorDialogManager                                ?
[0mReceived 1 fixes and applied 1 number of fixes
Number of errors with this fix applied: 16
NullAway found 1 number of fixes
12:49:23.704 [main] DEBUG o.o.j.ReloadableJava8ParserVisitor - Building AST for: /tmp/projects/EventBus/EventBus/src/org/greenrobot/eventbus/util/AsyncExecutor.java
[32mProcessing AsyncExecutor                                     ?
[0mReceived 1 fixes and applied 1 number of fixes
Number of errors with this fix applied: 16
NullAway found 1 number of fixes
12:49:28.219 [main] DEBUG o.o.j.ReloadableJava8ParserVisitor - Building AST for: /tmp/projects/EventBus/EventBus/src/org/greenrobot/eventbus/meta/AbstractSubscriberInfo.java
[32mProcessing AbstractSubscriberInfo                            ?
[0mReceived 1 fixes and applied 1 number of fixes
Number of errors with this fix applied: 16
Number of received arguments: 2
Actual Arguments: [apply, /tmp/NullAwayFix/cleaned.json]
Building Injector...
built.
Injecting...
FILE PATH IS: /tmp/NullAwayFix/cleaned.json
NullAway found 1 number of fixes
12:49:33.622 [main] DEBUG o.o.j.ReloadableJava8ParserVisitor - Building AST for: /tmp/projects/EventBus/EventBus/src/org/greenrobot/eventbus/PendingPostQueue.java
[32mProcessing PendingPostQueue                                  ?
[0mReceived 1 fixes and applied 1 number of fixes
Finished
Number of received arguments: 4
Actual Arguments: [diagnose, /tmp/NullAwayFix, cd /tmp/projects/EventBus && ./gradlew build -x test, true]
Diagnose Started...
Requesting preparation
Preparing project: true
Executing command: cd /tmp/projects/EventBus && ./gradlew build -x test
Requested command: cd /tmp/projects/EventBus && ./gradlew build -x test
Finished.
Deleted old diagnose file.
Making new diagnose.json.
Executing command: cp /tmp/NullAwayFix/fixes.json /tmp/NullAwayFix/diagnose.json
Requested command: cp /tmp/NullAwayFix/fixes.json /tmp/NullAwayFix/diagnose.json
Finished.
Made.
Preparation done
Build command: cd /tmp/projects/EventBus && ./gradlew build -x test
FILE PATH IS: /tmp/NullAwayFix/diagnose.json
Number of errors with this fix applied: 14
NullAway found 1 number of fixes
12:49:44.019 [main] DEBUG o.o.j.ReloadableJava8ParserVisitor - Building AST for: /tmp/projects/EventBus/EventBus/src/org/greenrobot/eventbus/EventBus.java
[32mProcessing EventBus                                          ?
[0mReceived 1 fixes and applied 1 number of fixes
Number of errors with this fix applied: 15
NullAway found 1 number of fixes
12:49:49.107 [main] DEBUG o.o.j.ReloadableJava8ParserVisitor - Building AST for: /tmp/projects/EventBus/EventBus/src/org/greenrobot/eventbus/SubscriberMethodFinder.java
[32mProcessing FindState                                         ?
[0mReceived 1 fixes and applied 1 number of fixes
Number of errors with this fix applied: 16
NullAway found 1 number of fixes
12:49:53.959 [main] DEBUG o.o.j.ReloadableJava8ParserVisitor - Building AST for: /tmp/projects/EventBus/EventBus/src/org/greenrobot/eventbus/util/ErrorDialogManager.java
[32mProcessing ErrorDialogManager                                ?
[0mReceived 1 fixes and applied 1 number of fixes
Number of errors with this fix applied: 20
NullAway found 1 number of fixes
12:49:58.485 [main] DEBUG o.o.j.ReloadableJava8ParserVisitor - Building AST for: /tmp/projects/EventBus/EventBus/src/org/greenrobot/eventbus/util/ErrorDialogManager.java
[32mProcessing ErrorDialogManager                                ?
[0mReceived 1 fixes and applied 1 number of fixes
Number of errors with this fix applied: 15
NullAway found 1 number of fixes
12:50:02.998 [main] DEBUG o.o.j.ReloadableJava8ParserVisitor - Building AST for: /tmp/projects/EventBus/EventBus/src/org/greenrobot/eventbus/util/AsyncExecutor.java
[32mProcessing AsyncExecutor                                     ?
[0mReceived 1 fixes and applied 1 number of fixes
Number of errors with this fix applied: 15
NullAway found 1 number of fixes
12:50:07.526 [main] DEBUG o.o.j.ReloadableJava8ParserVisitor - Building AST for: /tmp/projects/EventBus/EventBus/src/org/greenrobot/eventbus/meta/AbstractSubscriberInfo.java
[32mProcessing AbstractSubscriberInfo                            ?
[0mReceived 1 fixes and applied 1 number of fixes
Number of errors with this fix applied: 15
Number of received arguments: 2
Actual Arguments: [apply, /tmp/NullAwayFix/cleaned.json]
Building Injector...
built.
Injecting...
FILE PATH IS: /tmp/NullAwayFix/cleaned.json
NullAway found 0 number of fixes
Received 0 fixes and applied 0 number of fixes
Finished
Cleaning...
Finished.
Executing loop command
Executing (optimized) diagnose task...
Started diagnose task...
Making build command for project...
Detected build command: "cd /tmp/projects/EventBus && ./gradlew build -x test"
Diagnosing...
Finsihed.
Diagnsoe task finished, applying effective fixes...
Analyzing diagnose report...
Selecting effective fixes...
Selected effective fixes.
Applying fixes at location: /tmp/NullAwayFix/cleaned.json
Applied.
Adding diagnosed fixes to history.
Fished adding diagnosed fixes to history.
Getting ready for next round...
Executing (optimized) diagnose task...
Started diagnose task...
Making build command for project...
Detected build command: "cd /tmp/projects/EventBus && ./gradlew build -x test"
Diagnosing...
Finsihed.
Diagnsoe task finished, applying effective fixes...
Analyzing diagnose report...
Selecting effective fixes...
Selected effective fixes.
Applying fixes at location: /tmp/NullAwayFix/cleaned.json
Applied.
Adding diagnosed fixes to history.
Fished adding diagnosed fixes to history.
Getting ready for next round...
Executing (optimized) diagnose task...
Started diagnose task...
Making build command for project...
Detected build command: "cd /tmp/projects/EventBus && ./gradlew build -x test"
Diagnosing...
Finsihed.
Diagnsoe task finished, applying effective fixes...
Analyzing diagnose report...
Selecting effective fixes...
Selected effective fixes.
Applying fixes at location: /tmp/NullAwayFix/cleaned.json
Applied.
Adding diagnosed fixes to history.
Fished adding diagnosed fixes to history.
Getting ready for next round...
Executing (optimized) diagnose task...
Started diagnose task...
Making build command for project...
Detected build command: "cd /tmp/projects/EventBus && ./gradlew build -x test"
Diagnosing...
Finsihed.
Diagnsoe task finished, applying effective fixes...
Analyzing diagnose report...
Selecting effective fixes...
Selected effective fixes.
Applying fixes at location: /tmp/NullAwayFix/cleaned.json
Applied.
Adding diagnosed fixes to history.
Fished adding diagnosed fixes to history.
Getting ready for next round...
Executing (optimized) diagnose task...
Started diagnose task...
Making build command for project...
Detected build command: "cd /tmp/projects/EventBus && ./gradlew build -x test"
Diagnosing...
Finsihed.
Diagnsoe task finished, applying effective fixes...
Analyzing diagnose report...
Selecting effective fixes...
Selected effective fixes.
Applying fixes at location: /tmp/NullAwayFix/cleaned.json
Applied.
Adding diagnosed fixes to history.
Fished adding diagnosed fixes to history.
No changes, shutting down.
Cleaning...
Finished.
